d:\full server muonline\server mu custom moi nhat\source\gameserver_up15\gameserver\release\gameserver_ex603cs\gameservercs.pch
d:\full server muonline\server mu custom moi nhat\source\gameserver_up15\gameserver\release\gameserver_ex603cs\stdafx.obj
d:\full server muonline\server mu custom moi nhat\source\gameserver_up15\gameserver\release\gameserver_ex603cs\vc100.pdb
d:\full server muonline\server mu custom moi nhat\source\gameserver_up15\gameserver\release\gameserver_ex603cs\botstore.obj
d:\full server muonline\server mu custom moi nhat\source\gameserver_up15\gameserver\release\gameserver_ex603cs\botonline.obj
d:\full server muonline\server mu custom moi nhat\source\gameserver_up15\gameserver\release\gameserver_ex603cs\botbuffer.obj
d:\full server muonline\server mu custom moi nhat\source\gameserver_up15\gameserver\release\gameserver_ex603cs\botalchemist.obj
d:\full server muonline\server mu custom moi nhat\source\gameserver_up15\gameserver\release\gameserver_ex603cs\bonusmanager.obj
d:\full server muonline\server mu custom moi nhat\source\gameserver_up15\gameserver\release\gameserver_ex603cs\bloodcastle.obj
d:\full server muonline\server mu custom moi nhat\source\gameserver_up15\gameserver\release\gameserver_ex603cs\bhonhoan.obj
d:\full server muonline\server mu custom moi nhat\source\gameserver_up15\gameserver\release\gameserver_ex603cs\beventthanma.obj
d:\full server muonline\server mu custom moi nhat\source\gameserver_up15\gameserver\release\gameserver_ex603cs\bcustomskinmodel.obj
d:\full server muonline\server mu custom moi nhat\source\gameserver_up15\gameserver\release\gameserver_ex603cs\bcustomedit.obj
d:\full server muonline\server mu custom moi nhat\source\gameserver_up15\gameserver\release\gameserver_ex603cs\battlesoccermanager.obj
d:\full server muonline\server mu custom moi nhat\source\gameserver_up15\gameserver\release\gameserver_ex603cs\battlesoccer.obj
d:\full server muonline\server mu custom moi nhat\source\gameserver_up15\gameserver\release\gameserver_ex603cs\battleground.obj
d:\full server muonline\server mu custom moi nhat\source\gameserver_up15\gameserver\release\gameserver_ex603cs\bantihack.obj
d:\full server muonline\server mu custom moi nhat\source\gameserver_up15\gameserver\release\gameserver_ex603cs\attack.obj
d:\full server muonline\server mu custom moi nhat\source\gameserver_up15\gameserver\release\gameserver_ex603cs\arcabattle.obj
d:\full server muonline\server mu custom moi nhat\source\gameserver_up15\gameserver\release\gameserver_ex603cs\380itemtype.obj
d:\full server muonline\server mu custom moi nhat\source\gameserver_up15\gameserver\release\gameserver_ex603cs\380itemoption.obj
d:\full server muonline\server mu custom moi nhat\source\gameserver_up15\gameserver\release\gameserver_ex603cs\math.obj
d:\full server muonline\server mu custom moi nhat\source\gameserver_up15\gameserver\release\gameserver_ex603cs\ccrc32.obj
d:\full server muonline\server mu custom moi nhat\source\gameserver_up15\gameserver\release\gameserver_ex603cs\crywolfaltar.obj
d:\full server muonline\server mu custom moi nhat\source\gameserver_up15\gameserver\release\gameserver_ex603cs\crywolf.obj
d:\full server muonline\server mu custom moi nhat\source\gameserver_up15\gameserver\release\gameserver_ex603cs\criticalsection.obj
d:\full server muonline\server mu custom moi nhat\source\gameserver_up15\gameserver\release\gameserver_ex603cs\connection.obj
d:\full server muonline\server mu custom moi nhat\source\gameserver_up15\gameserver\release\gameserver_ex603cs\commandmanager.obj
d:\full server muonline\server mu custom moi nhat\source\gameserver_up15\gameserver\release\gameserver_ex603cs\command.obj
d:\full server muonline\server mu custom moi nhat\source\gameserver_up15\gameserver\release\gameserver_ex603cs\comboskill.obj
d:\full server muonline\server mu custom moi nhat\source\gameserver_up15\gameserver\release\gameserver_ex603cs\chientruongco.obj
d:\full server muonline\server mu custom moi nhat\source\gameserver_up15\gameserver\release\gameserver_ex603cs\chaoscastle.obj
d:\full server muonline\server mu custom moi nhat\source\gameserver_up15\gameserver\release\gameserver_ex603cs\chaosbox.obj
d:\full server muonline\server mu custom moi nhat\source\gameserver_up15\gameserver\release\gameserver_ex603cs\castlesiegeweapon.obj
d:\full server muonline\server mu custom moi nhat\source\gameserver_up15\gameserver\release\gameserver_ex603cs\castlesiegesync.obj
d:\full server muonline\server mu custom moi nhat\source\gameserver_up15\gameserver\release\gameserver_ex603cs\castlesiegecrownswitch.obj
d:\full server muonline\server mu custom moi nhat\source\gameserver_up15\gameserver\release\gameserver_ex603cs\castlesiegecrown.obj
d:\full server muonline\server mu custom moi nhat\source\gameserver_up15\gameserver\release\gameserver_ex603cs\castlesiege.obj
d:\full server muonline\server mu custom moi nhat\source\gameserver_up15\gameserver\release\gameserver_ex603cs\castledeep.obj
d:\full server muonline\server mu custom moi nhat\source\gameserver_up15\gameserver\release\gameserver_ex603cs\cashshop.obj
d:\full server muonline\server mu custom moi nhat\source\gameserver_up15\gameserver\release\gameserver_ex603cs\cannontower.obj
d:\full server muonline\server mu custom moi nhat\source\gameserver_up15\gameserver\release\gameserver_ex603cs\bottrade.obj
d:\full server muonline\server mu custom moi nhat\source\gameserver_up15\gameserver\release\gameserver_ex603cs\custommoveevent.obj
d:\full server muonline\server mu custom moi nhat\source\gameserver_up15\gameserver\release\gameserver_ex603cs\customluckyspin.obj
d:\full server muonline\server mu custom moi nhat\source\gameserver_up15\gameserver\release\gameserver_ex603cs\customjewelbank.obj
d:\full server muonline\server mu custom moi nhat\source\gameserver_up15\gameserver\release\gameserver_ex603cs\customjewel.obj
d:\full server muonline\server mu custom moi nhat\source\gameserver_up15\gameserver\release\gameserver_ex603cs\customghrs.obj
d:\full server muonline\server mu custom moi nhat\source\gameserver_up15\gameserver\release\gameserver_ex603cs\customeventtime.obj
d:\full server muonline\server mu custom moi nhat\source\gameserver_up15\gameserver\release\gameserver_ex603cs\customeventdrop.obj
d:\full server muonline\server mu custom moi nhat\source\gameserver_up15\gameserver\release\gameserver_ex603cs\customdeathmessage.obj
d:\full server muonline\server mu custom moi nhat\source\gameserver_up15\gameserver\release\gameserver_ex603cs\customcommanddescription.obj
d:\full server muonline\server mu custom moi nhat\source\gameserver_up15\gameserver\release\gameserver_ex603cs\customcombo.obj
d:\full server muonline\server mu custom moi nhat\source\gameserver_up15\gameserver\release\gameserver_ex603cs\custombuyvip.obj
d:\full server muonline\server mu custom moi nhat\source\gameserver_up15\gameserver\release\gameserver_ex603cs\customattack.obj
d:\full server muonline\server mu custom moi nhat\source\gameserver_up15\gameserver\release\gameserver_ex603cs\customarena.obj
d:\full server muonline\server mu custom moi nhat\source\gameserver_up15\gameserver\release\gameserver_ex603cs\ctcmini.obj
d:\full server muonline\server mu custom moi nhat\source\gameserver_up15\gameserver\release\gameserver_ex603cs\csprotocol.obj
d:\full server muonline\server mu custom moi nhat\source\gameserver_up15\gameserver\release\gameserver_ex603cs\crywolfutil.obj
d:\full server muonline\server mu custom moi nhat\source\gameserver_up15\gameserver\release\gameserver_ex603cs\crywolfsync.obj
d:\full server muonline\server mu custom moi nhat\source\gameserver_up15\gameserver\release\gameserver_ex603cs\crywolfstatue.obj
d:\full server muonline\server mu custom moi nhat\source\gameserver_up15\gameserver\release\gameserver_ex603cs\crywolfstatetimeinfo.obj
d:\full server muonline\server mu custom moi nhat\source\gameserver_up15\gameserver\release\gameserver_ex603cs\crywolfobjinfo.obj
d:\full server muonline\server mu custom moi nhat\source\gameserver_up15\gameserver\release\gameserver_ex603cs\customstartsetitemdame.obj
d:\full server muonline\server mu custom moi nhat\source\gameserver_up15\gameserver\release\gameserver_ex603cs\customstartitemdame.obj
d:\full server muonline\server mu custom moi nhat\source\gameserver_up15\gameserver\release\gameserver_ex603cs\customstartitem.obj
d:\full server muonline\server mu custom moi nhat\source\gameserver_up15\gameserver\release\gameserver_ex603cs\customrankuser.obj
d:\full server muonline\server mu custom moi nhat\source\gameserver_up15\gameserver\release\gameserver_ex603cs\customranking.obj
d:\full server muonline\server mu custom moi nhat\source\gameserver_up15\gameserver\release\gameserver_ex603cs\customquiz.obj
d:\full server muonline\server mu custom moi nhat\source\gameserver_up15\gameserver\release\gameserver_ex603cs\customquest.obj
d:\full server muonline\server mu custom moi nhat\source\gameserver_up15\gameserver\release\gameserver_ex603cs\custompkfree.obj
d:\full server muonline\server mu custom moi nhat\source\gameserver_up15\gameserver\release\gameserver_ex603cs\custompick.obj
d:\full server muonline\server mu custom moi nhat\source\gameserver_up15\gameserver\release\gameserver_ex603cs\custompet.obj
d:\full server muonline\server mu custom moi nhat\source\gameserver_up15\gameserver\release\gameserver_ex603cs\customonlinelottery.obj
d:\full server muonline\server mu custom moi nhat\source\gameserver_up15\gameserver\release\gameserver_ex603cs\customofflinemode.obj
d:\full server muonline\server mu custom moi nhat\source\gameserver_up15\gameserver\release\gameserver_ex603cs\customnpcquest.obj
d:\full server muonline\server mu custom moi nhat\source\gameserver_up15\gameserver\release\gameserver_ex603cs\customnpcmove.obj
d:\full server muonline\server mu custom moi nhat\source\gameserver_up15\gameserver\release\gameserver_ex603cs\customnpccommand.obj
d:\full server muonline\server mu custom moi nhat\source\gameserver_up15\gameserver\release\gameserver_ex603cs\customnpccollector.obj
d:\full server muonline\server mu custom moi nhat\source\gameserver_up15\gameserver\release\gameserver_ex603cs\custommove.obj
d:\full server muonline\server mu custom moi nhat\source\gameserver_up15\gameserver\release\gameserver_ex603cs\custommonsterskill.obj
d:\full server muonline\server mu custom moi nhat\source\gameserver_up15\gameserver\release\gameserver_ex603cs\custommonster.obj
d:\full server muonline\server mu custom moi nhat\source\gameserver_up15\gameserver\release\gameserver_ex603cs\custommix.obj
d:\full server muonline\server mu custom moi nhat\source\gameserver_up15\gameserver\release\gameserver_ex603cs\eventpvp.obj
d:\full server muonline\server mu custom moi nhat\source\gameserver_up15\gameserver\release\gameserver_ex603cs\eventkillall.obj
d:\full server muonline\server mu custom moi nhat\source\gameserver_up15\gameserver\release\gameserver_ex603cs\eventinventory.obj
d:\full server muonline\server mu custom moi nhat\source\gameserver_up15\gameserver\release\gameserver_ex603cs\eventhideandseek.obj
d:\full server muonline\server mu custom moi nhat\source\gameserver_up15\gameserver\release\gameserver_ex603cs\esprotocol.obj
d:\full server muonline\server mu custom moi nhat\source\gameserver_up15\gameserver\release\gameserver_ex603cs\effectmanager.obj
d:\full server muonline\server mu custom moi nhat\source\gameserver_up15\gameserver\release\gameserver_ex603cs\effect.obj
d:\full server muonline\server mu custom moi nhat\source\gameserver_up15\gameserver\release\gameserver_ex603cs\duel.obj
d:\full server muonline\server mu custom moi nhat\source\gameserver_up15\gameserver\release\gameserver_ex603cs\ductuong.obj
d:\full server muonline\server mu custom moi nhat\source\gameserver_up15\gameserver\release\gameserver_ex603cs\dsprotocol.obj
d:\full server muonline\server mu custom moi nhat\source\gameserver_up15\gameserver\release\gameserver_ex603cs\dropreward.obj
d:\full server muonline\server mu custom moi nhat\source\gameserver_up15\gameserver\release\gameserver_ex603cs\doublegoer.obj
d:\full server muonline\server mu custom moi nhat\source\gameserver_up15\gameserver\release\gameserver_ex603cs\devilsquare.obj
d:\full server muonline\server mu custom moi nhat\source\gameserver_up15\gameserver\release\gameserver_ex603cs\defaultclassinfo.obj
d:\full server muonline\server mu custom moi nhat\source\gameserver_up15\gameserver\release\gameserver_ex603cs\darkspirit.obj
d:\full server muonline\server mu custom moi nhat\source\gameserver_up15\gameserver\release\gameserver_ex603cs\danhhieu.obj
d:\full server muonline\server mu custom moi nhat\source\gameserver_up15\gameserver\release\gameserver_ex603cs\customwingmix.obj
d:\full server muonline\server mu custom moi nhat\source\gameserver_up15\gameserver\release\gameserver_ex603cs\customwing.obj
d:\full server muonline\server mu custom moi nhat\source\gameserver_up15\gameserver\release\gameserver_ex603cs\customtop.obj
d:\full server muonline\server mu custom moi nhat\source\gameserver_up15\gameserver\release\gameserver_ex603cs\customstore.obj
d:\full server muonline\server mu custom moi nhat\source\gameserver_up15\gameserver\release\gameserver_ex603cs\guildmatching.obj
d:\full server muonline\server mu custom moi nhat\source\gameserver_up15\gameserver\release\gameserver_ex603cs\guildclass.obj
d:\full server muonline\server mu custom moi nhat\source\gameserver_up15\gameserver\release\gameserver_ex603cs\guild.obj
d:\full server muonline\server mu custom moi nhat\source\gameserver_up15\gameserver\release\gameserver_ex603cs\guardianstatue.obj
d:\full server muonline\server mu custom moi nhat\source\gameserver_up15\gameserver\release\gameserver_ex603cs\genssystem.obj
d:\full server muonline\server mu custom moi nhat\source\gameserver_up15\gameserver\release\gameserver_ex603cs\gate.obj
d:\full server muonline\server mu custom moi nhat\source\gameserver_up15\gameserver\release\gameserver_ex603cs\gameserver.obj
d:\full server muonline\server mu custom moi nhat\source\gameserver_up15\gameserver\release\gameserver_ex603cs\gamemaster.obj
d:\full server muonline\server mu custom moi nhat\source\gameserver_up15\gameserver\release\gameserver_ex603cs\gamemain.obj
d:\full server muonline\server mu custom moi nhat\source\gameserver_up15\gameserver\release\gameserver_ex603cs\fruit.obj
d:\full server muonline\server mu custom moi nhat\source\gameserver_up15\gameserver\release\gameserver_ex603cs\flyingdragons.obj
d:\full server muonline\server mu custom moi nhat\source\gameserver_up15\gameserver\release\gameserver_ex603cs\filterraname.obj
d:\full server muonline\server mu custom moi nhat\source\gameserver_up15\gameserver\release\gameserver_ex603cs\filter.obj
d:\full server muonline\server mu custom moi nhat\source\gameserver_up15\gameserver\release\gameserver_ex603cs\fakeonline.obj
d:\full server muonline\server mu custom moi nhat\source\gameserver_up15\gameserver\release\gameserver_ex603cs\experiencetable.obj
d:\full server muonline\server mu custom moi nhat\source\gameserver_up15\gameserver\release\gameserver_ex603cs\eventtvt.obj
d:\full server muonline\server mu custom moi nhat\source\gameserver_up15\gameserver\release\gameserver_ex603cs\eventstart.obj
d:\full server muonline\server mu custom moi nhat\source\gameserver_up15\gameserver\release\gameserver_ex603cs\eventrussianroulette.obj
d:\full server muonline\server mu custom moi nhat\source\gameserver_up15\gameserver\release\gameserver_ex603cs\eventrunandcatch.obj
d:\full server muonline\server mu custom moi nhat\source\gameserver_up15\gameserver\release\gameserver_ex603cs\eventquickly.obj
d:\full server muonline\server mu custom moi nhat\source\gameserver_up15\gameserver\release\gameserver_ex603cs\itemmanager.obj
d:\full server muonline\server mu custom moi nhat\source\gameserver_up15\gameserver\release\gameserver_ex603cs\itemlevel.obj
d:\full server muonline\server mu custom moi nhat\source\gameserver_up15\gameserver\release\gameserver_ex603cs\itemdrop.obj
d:\full server muonline\server mu custom moi nhat\source\gameserver_up15\gameserver\release\gameserver_ex603cs\itembagmanager.obj
d:\full server muonline\server mu custom moi nhat\source\gameserver_up15\gameserver\release\gameserver_ex603cs\itembagex.obj
d:\full server muonline\server mu custom moi nhat\source\gameserver_up15\gameserver\release\gameserver_ex603cs\itembag.obj
d:\full server muonline\server mu custom moi nhat\source\gameserver_up15\gameserver\release\gameserver_ex603cs\item.obj
d:\full server muonline\server mu custom moi nhat\source\gameserver_up15\gameserver\release\gameserver_ex603cs\ipmanager.obj
d:\full server muonline\server mu custom moi nhat\source\gameserver_up15\gameserver\release\gameserver_ex603cs\inventoryequipment.obj
d:\full server muonline\server mu custom moi nhat\source\gameserver_up15\gameserver\release\gameserver_ex603cs\invasionmanager.obj
d:\full server muonline\server mu custom moi nhat\source\gameserver_up15\gameserver\release\gameserver_ex603cs\imperialguardian.obj
d:\full server muonline\server mu custom moi nhat\source\gameserver_up15\gameserver\release\gameserver_ex603cs\illusiontemple.obj
d:\full server muonline\server mu custom moi nhat\source\gameserver_up15\gameserver\release\gameserver_ex603cs\hwidmanager.obj
d:\full server muonline\server mu custom moi nhat\source\gameserver_up15\gameserver\release\gameserver_ex603cs\huyhieu.obj
d:\full server muonline\server mu custom moi nhat\source\gameserver_up15\gameserver\release\gameserver_ex603cs\helper.obj
d:\full server muonline\server mu custom moi nhat\source\gameserver_up15\gameserver\release\gameserver_ex603cs\hackxdamecheck.obj
d:\full server muonline\server mu custom moi nhat\source\gameserver_up15\gameserver\release\gameserver_ex603cs\hackskillcheck.obj
d:\full server muonline\server mu custom moi nhat\source\gameserver_up15\gameserver\release\gameserver_ex603cs\hackpacketcheck.obj
d:\full server muonline\server mu custom moi nhat\source\gameserver_up15\gameserver\release\gameserver_ex603cs\hackcheck.obj
d:\full server muonline\server mu custom moi nhat\source\gameserver_up15\gameserver\release\gameserver_ex603cs\guildupgrade.obj
d:\full server muonline\server mu custom moi nhat\source\gameserver_up15\gameserver\release\gameserver_ex603cs\kanturuobjinfo.obj
d:\full server muonline\server mu custom moi nhat\source\gameserver_up15\gameserver\release\gameserver_ex603cs\kanturumonstermng.obj
d:\full server muonline\server mu custom moi nhat\source\gameserver_up15\gameserver\release\gameserver_ex603cs\kanturumaya.obj
d:\full server muonline\server mu custom moi nhat\source\gameserver_up15\gameserver\release\gameserver_ex603cs\kanturuentrancenpc.obj
d:\full server muonline\server mu custom moi nhat\source\gameserver_up15\gameserver\release\gameserver_ex603cs\kanturubattleusermng.obj
d:\full server muonline\server mu custom moi nhat\source\gameserver_up15\gameserver\release\gameserver_ex603cs\kanturubattlestanby.obj
d:\full server muonline\server mu custom moi nhat\source\gameserver_up15\gameserver\release\gameserver_ex603cs\kanturubattleofnightmare.obj
d:\full server muonline\server mu custom moi nhat\source\gameserver_up15\gameserver\release\gameserver_ex603cs\kanturubattleofmaya.obj
d:\full server muonline\server mu custom moi nhat\source\gameserver_up15\gameserver\release\gameserver_ex603cs\kanturu.obj
d:\full server muonline\server mu custom moi nhat\source\gameserver_up15\gameserver\release\gameserver_ex603cs\kalima.obj
d:\full server muonline\server mu custom moi nhat\source\gameserver_up15\gameserver\release\gameserver_ex603cs\jsprotocol.obj
d:\full server muonline\server mu custom moi nhat\source\gameserver_up15\gameserver\release\gameserver_ex603cs\jewelofharmonytype.obj
d:\full server muonline\server mu custom moi nhat\source\gameserver_up15\gameserver\release\gameserver_ex603cs\jewelofharmonyoption.obj
d:\full server muonline\server mu custom moi nhat\source\gameserver_up15\gameserver\release\gameserver_ex603cs\jewelmix.obj
d:\full server muonline\server mu custom moi nhat\source\gameserver_up15\gameserver\release\gameserver_ex603cs\itemvaluetrade.obj
d:\full server muonline\server mu custom moi nhat\source\gameserver_up15\gameserver\release\gameserver_ex603cs\itemvalue.obj
d:\full server muonline\server mu custom moi nhat\source\gameserver_up15\gameserver\release\gameserver_ex603cs\itemstack.obj
d:\full server muonline\server mu custom moi nhat\source\gameserver_up15\gameserver\release\gameserver_ex603cs\itemoptionrate.obj
d:\full server muonline\server mu custom moi nhat\source\gameserver_up15\gameserver\release\gameserver_ex603cs\itemoption.obj
d:\full server muonline\server mu custom moi nhat\source\gameserver_up15\gameserver\release\gameserver_ex603cs\itemmove.obj
d:\full server muonline\server mu custom moi nhat\source\gameserver_up15\gameserver\release\gameserver_ex603cs\mercenary.obj
d:\full server muonline\server mu custom moi nhat\source\gameserver_up15\gameserver\release\gameserver_ex603cs\memscript2.obj
d:\full server muonline\server mu custom moi nhat\source\gameserver_up15\gameserver\release\gameserver_ex603cs\memscript.obj
d:\full server muonline\server mu custom moi nhat\source\gameserver_up15\gameserver\release\gameserver_ex603cs\memoryallocatorinfo.obj
d:\full server muonline\server mu custom moi nhat\source\gameserver_up15\gameserver\release\gameserver_ex603cs\memoryallocator.obj
d:\full server muonline\server mu custom moi nhat\source\gameserver_up15\gameserver\release\gameserver_ex603cs\masterskilltree.obj
d:\full server muonline\server mu custom moi nhat\source\gameserver_up15\gameserver\release\gameserver_ex603cs\mapservermanager.obj
d:\full server muonline\server mu custom moi nhat\source\gameserver_up15\gameserver\release\gameserver_ex603cs\mappath.obj
d:\full server muonline\server mu custom moi nhat\source\gameserver_up15\gameserver\release\gameserver_ex603cs\mapmanager.obj
d:\full server muonline\server mu custom moi nhat\source\gameserver_up15\gameserver\release\gameserver_ex603cs\mapitem.obj
d:\full server muonline\server mu custom moi nhat\source\gameserver_up15\gameserver\release\gameserver_ex603cs\map.obj
d:\full server muonline\server mu custom moi nhat\source\gameserver_up15\gameserver\release\gameserver_ex603cs\luckyitem.obj
d:\full server muonline\server mu custom moi nhat\source\gameserver_up15\gameserver\release\gameserver_ex603cs\luckycoin.obj
d:\full server muonline\server mu custom moi nhat\source\gameserver_up15\gameserver\release\gameserver_ex603cs\log.obj
d:\full server muonline\server mu custom moi nhat\source\gameserver_up15\gameserver\release\gameserver_ex603cs\lifestone.obj
d:\full server muonline\server mu custom moi nhat\source\gameserver_up15\gameserver\release\gameserver_ex603cs\license.obj
d:\full server muonline\server mu custom moi nhat\source\gameserver_up15\gameserver\release\gameserver_ex603cs\lee.obj
d:\full server muonline\server mu custom moi nhat\source\gameserver_up15\gameserver\release\gameserver_ex603cs\kanturuutil.obj
d:\full server muonline\server mu custom moi nhat\source\gameserver_up15\gameserver\release\gameserver_ex603cs\kanturutowerofrefinement.obj
d:\full server muonline\server mu custom moi nhat\source\gameserver_up15\gameserver\release\gameserver_ex603cs\kanturustateinfo.obj
d:\full server muonline\server mu custom moi nhat\source\gameserver_up15\gameserver\release\gameserver_ex603cs\monsteraiunitinfo.obj
d:\full server muonline\server mu custom moi nhat\source\gameserver_up15\gameserver\release\gameserver_ex603cs\monsteraiunit.obj
d:\full server muonline\server mu custom moi nhat\source\gameserver_up15\gameserver\release\gameserver_ex603cs\monsteraistate.obj
d:\full server muonline\server mu custom moi nhat\source\gameserver_up15\gameserver\release\gameserver_ex603cs\monsterairuleinfo.obj
d:\full server muonline\server mu custom moi nhat\source\gameserver_up15\gameserver\release\gameserver_ex603cs\monsterairule.obj
d:\full server muonline\server mu custom moi nhat\source\gameserver_up15\gameserver\release\gameserver_ex603cs\monsteraimovepathinfo.obj
d:\full server muonline\server mu custom moi nhat\source\gameserver_up15\gameserver\release\gameserver_ex603cs\monsteraimovepath.obj
d:\full server muonline\server mu custom moi nhat\source\gameserver_up15\gameserver\release\gameserver_ex603cs\monsteraigroupmember.obj
d:\full server muonline\server mu custom moi nhat\source\gameserver_up15\gameserver\release\gameserver_ex603cs\monsteraigroup.obj
d:\full server muonline\server mu custom moi nhat\source\gameserver_up15\gameserver\release\gameserver_ex603cs\monsteraielementinfo.obj
d:\full server muonline\server mu custom moi nhat\source\gameserver_up15\gameserver\release\gameserver_ex603cs\monsteraielement.obj
d:\full server muonline\server mu custom moi nhat\source\gameserver_up15\gameserver\release\gameserver_ex603cs\monsteraiautomatainfo.obj
d:\full server muonline\server mu custom moi nhat\source\gameserver_up15\gameserver\release\gameserver_ex603cs\monsteraiautomata.obj
d:\full server muonline\server mu custom moi nhat\source\gameserver_up15\gameserver\release\gameserver_ex603cs\monsteraiagro.obj
d:\full server muonline\server mu custom moi nhat\source\gameserver_up15\gameserver\release\gameserver_ex603cs\monsterai.obj
d:\full server muonline\server mu custom moi nhat\source\gameserver_up15\gameserver\release\gameserver_ex603cs\monster.obj
d:\full server muonline\server mu custom moi nhat\source\gameserver_up15\gameserver\release\gameserver_ex603cs\miningsystem.obj
d:\full server muonline\server mu custom moi nhat\source\gameserver_up15\gameserver\release\gameserver_ex603cs\minimap.obj
d:\full server muonline\server mu custom moi nhat\source\gameserver_up15\gameserver\release\gameserver_ex603cs\minidump.obj
d:\full server muonline\server mu custom moi nhat\source\gameserver_up15\gameserver\release\gameserver_ex603cs\message.obj
d:\full server muonline\server mu custom moi nhat\source\gameserver_up15\gameserver\release\gameserver_ex603cs\objectmanager.obj
d:\full server muonline\server mu custom moi nhat\source\gameserver_up15\gameserver\release\gameserver_ex603cs\npctalk.obj
d:\full server muonline\server mu custom moi nhat\source\gameserver_up15\gameserver\release\gameserver_ex603cs\notice.obj
d:\full server muonline\server mu custom moi nhat\source\gameserver_up15\gameserver\release\gameserver_ex603cs\newuimyinventory.obj
d:\full server muonline\server mu custom moi nhat\source\gameserver_up15\gameserver\release\gameserver_ex603cs\newcustomfunctions.obj
d:\full server muonline\server mu custom moi nhat\source\gameserver_up15\gameserver\release\gameserver_ex603cs\muunsystem.obj
d:\full server muonline\server mu custom moi nhat\source\gameserver_up15\gameserver\release\gameserver_ex603cs\murummy.obj
d:\full server muonline\server mu custom moi nhat\source\gameserver_up15\gameserver\release\gameserver_ex603cs\movesummon.obj
d:\full server muonline\server mu custom moi nhat\source\gameserver_up15\gameserver\release\gameserver_ex603cs\move.obj
d:\full server muonline\server mu custom moi nhat\source\gameserver_up15\gameserver\release\gameserver_ex603cs\mossmerchant.obj
d:\full server muonline\server mu custom moi nhat\source\gameserver_up15\gameserver\release\gameserver_ex603cs\monsterskillunitinfo.obj
d:\full server muonline\server mu custom moi nhat\source\gameserver_up15\gameserver\release\gameserver_ex603cs\monsterskillunit.obj
d:\full server muonline\server mu custom moi nhat\source\gameserver_up15\gameserver\release\gameserver_ex603cs\monsterskillmanager.obj
d:\full server muonline\server mu custom moi nhat\source\gameserver_up15\gameserver\release\gameserver_ex603cs\monsterskillinfo.obj
d:\full server muonline\server mu custom moi nhat\source\gameserver_up15\gameserver\release\gameserver_ex603cs\monsterskillelementoption.obj
d:\full server muonline\server mu custom moi nhat\source\gameserver_up15\gameserver\release\gameserver_ex603cs\monsterskillelementinfo.obj
d:\full server muonline\server mu custom moi nhat\source\gameserver_up15\gameserver\release\gameserver_ex603cs\monsterskillelement.obj
d:\full server muonline\server mu custom moi nhat\source\gameserver_up15\gameserver\release\gameserver_ex603cs\monstersetbase.obj
d:\full server muonline\server mu custom moi nhat\source\gameserver_up15\gameserver\release\gameserver_ex603cs\monstermanager.obj
d:\full server muonline\server mu custom moi nhat\source\gameserver_up15\gameserver\release\gameserver_ex603cs\monsteraiutil.obj
d:\full server muonline\server mu custom moi nhat\source\gameserver_up15\gameserver\release\gameserver_ex603cs\questworldobjective.obj
d:\full server muonline\server mu custom moi nhat\source\gameserver_up15\gameserver\release\gameserver_ex603cs\questworld.obj
d:\full server muonline\server mu custom moi nhat\source\gameserver_up15\gameserver\release\gameserver_ex603cs\questreward.obj
d:\full server muonline\server mu custom moi nhat\source\gameserver_up15\gameserver\release\gameserver_ex603cs\questobjective.obj
d:\full server muonline\server mu custom moi nhat\source\gameserver_up15\gameserver\release\gameserver_ex603cs\quest.obj
d:\full server muonline\server mu custom moi nhat\source\gameserver_up15\gameserver\release\gameserver_ex603cs\quanham.obj
d:\full server muonline\server mu custom moi nhat\source\gameserver_up15\gameserver\release\gameserver_ex603cs\pugixml.obj
d:\full server muonline\server mu custom moi nhat\source\gameserver_up15\gameserver\release\gameserver_ex603cs\protocol.obj
d:\full server muonline\server mu custom moi nhat\source\gameserver_up15\gameserver\release\gameserver_ex603cs\protect.obj
d:\full server muonline\server mu custom moi nhat\source\gameserver_up15\gameserver\release\gameserver_ex603cs\premiumdrop.obj
d:\full server muonline\server mu custom moi nhat\source\gameserver_up15\gameserver\release\gameserver_ex603cs\personalshop.obj
d:\full server muonline\server mu custom moi nhat\source\gameserver_up15\gameserver\release\gameserver_ex603cs\pentagramsystem.obj
d:\full server muonline\server mu custom moi nhat\source\gameserver_up15\gameserver\release\gameserver_ex603cs\pcpoint.obj
d:\full server muonline\server mu custom moi nhat\source\gameserver_up15\gameserver\release\gameserver_ex603cs\path.obj
d:\full server muonline\server mu custom moi nhat\source\gameserver_up15\gameserver\release\gameserver_ex603cs\partysetpass.obj
d:\full server muonline\server mu custom moi nhat\source\gameserver_up15\gameserver\release\gameserver_ex603cs\partysearch.obj
d:\full server muonline\server mu custom moi nhat\source\gameserver_up15\gameserver\release\gameserver_ex603cs\partymatching.obj
d:\full server muonline\server mu custom moi nhat\source\gameserver_up15\gameserver\release\gameserver_ex603cs\party.obj
d:\full server muonline\server mu custom moi nhat\source\gameserver_up15\gameserver\release\gameserver_ex603cs\packetmanager.obj
d:\full server muonline\server mu custom moi nhat\source\gameserver_up15\gameserver\release\gameserver_ex603cs\offlinemode.obj
d:\full server muonline\server mu custom moi nhat\source\gameserver_up15\gameserver\release\gameserver_ex603cs\royalbattleground.obj
d:\full server muonline\server mu custom moi nhat\source\gameserver_up15\gameserver\release\gameserver_ex603cs\rewardsystem.obj
d:\full server muonline\server mu custom moi nhat\source\gameserver_up15\gameserver\release\gameserver_ex603cs\respawnlocation.obj
d:\full server muonline\server mu custom moi nhat\source\gameserver_up15\gameserver\release\gameserver_ex603cs\resettablevip.obj
d:\full server muonline\server mu custom moi nhat\source\gameserver_up15\gameserver\release\gameserver_ex603cs\resettable.obj
d:\full server muonline\server mu custom moi nhat\source\gameserver_up15\gameserver\release\gameserver_ex603cs\resetchange.obj
d:\full server muonline\server mu custom moi nhat\source\gameserver_up15\gameserver\release\gameserver_ex603cs\reidomu.obj
d:\full server muonline\server mu custom moi nhat\source\gameserver_up15\gameserver\release\gameserver_ex603cs\reconnect.obj
d:\full server muonline\server mu custom moi nhat\source\gameserver_up15\gameserver\release\gameserver_ex603cs\randommanager.obj
d:\full server muonline\server mu custom moi nhat\source\gameserver_up15\gameserver\release\gameserver_ex603cs\ramfix.obj
d:\full server muonline\server mu custom moi nhat\source\gameserver_up15\gameserver\release\gameserver_ex603cs\raklionutil.obj
d:\full server muonline\server mu custom moi nhat\source\gameserver_up15\gameserver\release\gameserver_ex603cs\raklionselupan.obj
d:\full server muonline\server mu custom moi nhat\source\gameserver_up15\gameserver\release\gameserver_ex603cs\raklionobjinfo.obj
d:\full server muonline\server mu custom moi nhat\source\gameserver_up15\gameserver\release\gameserver_ex603cs\raklionbattleusermng.obj
d:\full server muonline\server mu custom moi nhat\source\gameserver_up15\gameserver\release\gameserver_ex603cs\raklionbattleuser.obj
d:\full server muonline\server mu custom moi nhat\source\gameserver_up15\gameserver\release\gameserver_ex603cs\raklionbattleofselupan.obj
d:\full server muonline\server mu custom moi nhat\source\gameserver_up15\gameserver\release\gameserver_ex603cs\raklion.obj
d:\full server muonline\server mu custom moi nhat\source\gameserver_up15\gameserver\release\gameserver_ex603cs\queuetimer.obj
d:\full server muonline\server mu custom moi nhat\source\gameserver_up15\gameserver\release\gameserver_ex603cs\queue.obj
d:\full server muonline\server mu custom moi nhat\source\gameserver_up15\gameserver\release\gameserver_ex603cs\questworldreward.obj
d:\full server muonline\server mu custom moi nhat\source\gameserver_up15\gameserver\release\gameserver_ex603cs\statsadvance.obj
d:\full server muonline\server mu custom moi nhat\source\gameserver_up15\gameserver\release\gameserver_ex603cs\socketmanagerudp.obj
d:\full server muonline\server mu custom moi nhat\source\gameserver_up15\gameserver\release\gameserver_ex603cs\socketmanager.obj
d:\full server muonline\server mu custom moi nhat\source\gameserver_up15\gameserver\release\gameserver_ex603cs\socketitemtype.obj
d:\full server muonline\server mu custom moi nhat\source\gameserver_up15\gameserver\release\gameserver_ex603cs\socketitemoption.obj
d:\full server muonline\server mu custom moi nhat\source\gameserver_up15\gameserver\release\gameserver_ex603cs\skyevent.obj
d:\full server muonline\server mu custom moi nhat\source\gameserver_up15\gameserver\release\gameserver_ex603cs\skillmanager.obj
d:\full server muonline\server mu custom moi nhat\source\gameserver_up15\gameserver\release\gameserver_ex603cs\skillhitbox.obj
d:\full server muonline\server mu custom moi nhat\source\gameserver_up15\gameserver\release\gameserver_ex603cs\skill.obj
d:\full server muonline\server mu custom moi nhat\source\gameserver_up15\gameserver\release\gameserver_ex603cs\shoppointex.obj
d:\full server muonline\server mu custom moi nhat\source\gameserver_up15\gameserver\release\gameserver_ex603cs\shopmanager.obj
d:\full server muonline\server mu custom moi nhat\source\gameserver_up15\gameserver\release\gameserver_ex603cs\shop.obj
d:\full server muonline\server mu custom moi nhat\source\gameserver_up15\gameserver\release\gameserver_ex603cs\setitemtype.obj
d:\full server muonline\server mu custom moi nhat\source\gameserver_up15\gameserver\release\gameserver_ex603cs\setitemoption.obj
d:\full server muonline\server mu custom moi nhat\source\gameserver_up15\gameserver\release\gameserver_ex603cs\serverinfo.obj
d:\full server muonline\server mu custom moi nhat\source\gameserver_up15\gameserver\release\gameserver_ex603cs\serverdisplayer.obj
d:\full server muonline\server mu custom moi nhat\source\gameserver_up15\gameserver\release\gameserver_ex603cs\serialcheck.obj
d:\full server muonline\server mu custom moi nhat\source\gameserver_up15\gameserver\release\gameserver_ex603cs\schedulemanager.obj
d:\full server muonline\server mu custom moi nhat\source\gameserver_up15\gameserver\release\gameserver_ex603cs\battleroyale.obj
d:\full server muonline\server mu custom moi nhat\source\gameserver_up15\gameserver\release\gameserver_ex603cs\ruudtokenselltemplate.obj
d:\full server muonline\server mu custom moi nhat\source\gameserver_up15\gameserver\release\gameserver_ex603cs\zendrop.obj
d:\full server muonline\server mu custom moi nhat\source\gameserver_up15\gameserver\release\gameserver_ex603cs\warehouse.obj
d:\full server muonline\server mu custom moi nhat\source\gameserver_up15\gameserver\release\gameserver_ex603cs\viewport.obj
d:\full server muonline\server mu custom moi nhat\source\gameserver_up15\gameserver\release\gameserver_ex603cs\util.obj
d:\full server muonline\server mu custom moi nhat\source\gameserver_up15\gameserver\release\gameserver_ex603cs\user.obj
d:\full server muonline\server mu custom moi nhat\source\gameserver_up15\gameserver\release\gameserver_ex603cs\unioninfo.obj
d:\full server muonline\server mu custom moi nhat\source\gameserver_up15\gameserver\release\gameserver_ex603cs\union.obj
d:\full server muonline\server mu custom moi nhat\source\gameserver_up15\gameserver\release\gameserver_ex603cs\tuluyen.obj
d:\full server muonline\server mu custom moi nhat\source\gameserver_up15\gameserver\release\gameserver_ex603cs\trade.obj
d:\full server muonline\server mu custom moi nhat\source\gameserver_up15\gameserver\release\gameserver_ex603cs\thuongdanhboss.obj
d:\full server muonline\server mu custom moi nhat\source\gameserver_up15\gameserver\release\gameserver_ex603cs\thumuadoexc.obj
d:\full server muonline\server mu custom moi nhat\source\gameserver_up15\gameserver\release\gameserver_ex603cs\thueflag.obj
d:\full server muonline\server mu custom moi nhat\source\gameserver_up15\gameserver\release\gameserver_ex603cs\teventgreatpk.obj
d:\full server muonline\server mu custom moi nhat\source\gameserver_up15\gameserver\release\gameserver_ex603cs\teleportmarlon.obj
d:\full server muonline\server mu custom moi nhat\source\gameserver_up15\gameserver\release\gameserver_ex603cs\summonscroll.obj
d:\new folder (3)\muserver\4.sub-1\gameserver\gameservercs.exe
d:\new folder (3)\source\gameserver_up15\gameserver\release\gameserver_ex603cs\gameservercs.exe.intermediate.manifest
d:\new folder (3)\muserver\4.sub-1\gameserver\gameservercs.pdb
d:\full server muonline\server mu custom moi nhat\muserver\4.sub-1\gameserver\gameservercs.exe
d:\full server muonline\server mu custom moi nhat\source\gameserver_up15\gameserver\release\gameserver_ex603cs\gameservercs.exe.intermediate.manifest
d:\full server muonline\server mu custom moi nhat\muserver\4.sub-1\gameserver\gameservercs.pdb
d:\full server muonline\server mu custom moi nhat\source\gameserver_up15\gameserver\release\gameserver_ex603cs\gameserver.res
d:\full server muonline\server mu custom moi nhat\source\gameserver_up15\gameserver\release\gameserver_ex603cs\cl.command.1.tlog
d:\full server muonline\server mu custom moi nhat\source\gameserver_up15\gameserver\release\gameserver_ex603cs\cl.read.1.tlog
d:\full server muonline\server mu custom moi nhat\source\gameserver_up15\gameserver\release\gameserver_ex603cs\cl.write.1.tlog
d:\full server muonline\server mu custom moi nhat\source\gameserver_up15\gameserver\release\gameserver_ex603cs\link-cvtres.read.1.tlog
d:\full server muonline\server mu custom moi nhat\source\gameserver_up15\gameserver\release\gameserver_ex603cs\link-cvtres.write.1.tlog
d:\full server muonline\server mu custom moi nhat\source\gameserver_up15\gameserver\release\gameserver_ex603cs\link.command.1.tlog
d:\full server muonline\server mu custom moi nhat\source\gameserver_up15\gameserver\release\gameserver_ex603cs\link.read.1.tlog
d:\full server muonline\server mu custom moi nhat\source\gameserver_up15\gameserver\release\gameserver_ex603cs\link.write.1.tlog
d:\full server muonline\server mu custom moi nhat\source\gameserver_up15\gameserver\release\gameserver_ex603cs\mt.command.1.tlog
d:\full server muonline\server mu custom moi nhat\source\gameserver_up15\gameserver\release\gameserver_ex603cs\mt.read.1.tlog
d:\full server muonline\server mu custom moi nhat\source\gameserver_up15\gameserver\release\gameserver_ex603cs\mt.write.1.tlog
d:\full server muonline\server mu custom moi nhat\source\gameserver_up15\gameserver\release\gameserver_ex603cs\rc.command.1.tlog
d:\full server muonline\server mu custom moi nhat\source\gameserver_up15\gameserver\release\gameserver_ex603cs\rc.read.1.tlog
d:\full server muonline\server mu custom moi nhat\source\gameserver_up15\gameserver\release\gameserver_ex603cs\rc.write.1.tlog
