d:\new folder (3)\source\dataserver_up15\dataserver\release\dataserver_ex603\dataserver.pch
d:\new folder (3)\source\dataserver_up15\dataserver\release\dataserver_ex603\stdafx.obj
d:\new folder (3)\source\dataserver_up15\dataserver\release\dataserver_ex603\vc100.pdb
d:\new folder (3)\source\dataserver_up15\dataserver\release\dataserver_ex603\luckyitem.obj
d:\new folder (3)\source\dataserver_up15\dataserver\release\dataserver_ex603\luckycoin.obj
d:\new folder (3)\source\dataserver_up15\dataserver\release\dataserver_ex603\log.obj
d:\new folder (3)\source\dataserver_up15\dataserver\release\dataserver_ex603\helper.obj
d:\new folder (3)\source\dataserver_up15\dataserver\release\dataserver_ex603\guildmatching.obj
d:\new folder (3)\source\dataserver_up15\dataserver\release\dataserver_ex603\guildmanager.obj
d:\new folder (3)\source\dataserver_up15\dataserver\release\dataserver_ex603\genssystem.obj
d:\new folder (3)\source\dataserver_up15\dataserver\release\dataserver_ex603\eventinventory.obj
d:\new folder (3)\source\dataserver_up15\dataserver\release\dataserver_ex603\esprotocol.obj
d:\new folder (3)\source\dataserver_up15\dataserver\release\dataserver_ex603\dataserverprotocol.obj
d:\new folder (3)\source\dataserver_up15\dataserver\release\dataserver_ex603\dataserver.obj
d:\new folder (3)\source\dataserver_up15\dataserver\release\dataserver_ex603\csprotocol.obj
d:\new folder (3)\source\dataserver_up15\dataserver\release\dataserver_ex603\criticalsection.obj
d:\new folder (3)\source\dataserver_up15\dataserver\release\dataserver_ex603\commandmanager.obj
d:\new folder (3)\source\dataserver_up15\dataserver\release\dataserver_ex603\charactermanager.obj
d:\new folder (3)\source\dataserver_up15\dataserver\release\dataserver_ex603\castledbset.obj
d:\new folder (3)\source\dataserver_up15\dataserver\release\dataserver_ex603\cashshop.obj
d:\new folder (3)\source\dataserver_up15\dataserver\release\dataserver_ex603\badsyntax.obj
d:\new folder (3)\source\dataserver_up15\dataserver\release\dataserver_ex603\arcabattle.obj
d:\new folder (3)\source\dataserver_up15\dataserver\release\dataserver_ex603\allowableiplist.obj
d:\new folder (3)\source\dataserver_up15\dataserver\release\dataserver_ex603\socketmanager.obj
d:\new folder (3)\source\dataserver_up15\dataserver\release\dataserver_ex603\servermanager.obj
d:\new folder (3)\source\dataserver_up15\dataserver\release\dataserver_ex603\serverdisplayer.obj
d:\new folder (3)\source\dataserver_up15\dataserver\release\dataserver_ex603\reidomu.obj
d:\new folder (3)\source\dataserver_up15\dataserver\release\dataserver_ex603\queue.obj
d:\new folder (3)\source\dataserver_up15\dataserver\release\dataserver_ex603\questworld.obj
d:\new folder (3)\source\dataserver_up15\dataserver\release\dataserver_ex603\quest.obj
d:\new folder (3)\source\dataserver_up15\dataserver\release\dataserver_ex603\querymanager.obj
d:\new folder (3)\source\dataserver_up15\dataserver\release\dataserver_ex603\protect.obj
d:\new folder (3)\source\dataserver_up15\dataserver\release\dataserver_ex603\personalshop.obj
d:\new folder (3)\source\dataserver_up15\dataserver\release\dataserver_ex603\pentagramsystem.obj
d:\new folder (3)\source\dataserver_up15\dataserver\release\dataserver_ex603\pcpoint.obj
d:\new folder (3)\source\dataserver_up15\dataserver\release\dataserver_ex603\partymatching.obj
d:\new folder (3)\source\dataserver_up15\dataserver\release\dataserver_ex603\npctalk.obj
d:\new folder (3)\source\dataserver_up15\dataserver\release\dataserver_ex603\newuimyinventory.obj
d:\new folder (3)\source\dataserver_up15\dataserver\release\dataserver_ex603\muunsystem.obj
d:\new folder (3)\source\dataserver_up15\dataserver\release\dataserver_ex603\murummy.obj
d:\new folder (3)\source\dataserver_up15\dataserver\release\dataserver_ex603\minidump.obj
d:\new folder (3)\source\dataserver_up15\dataserver\release\dataserver_ex603\memscript.obj
d:\new folder (3)\source\dataserver_up15\dataserver\release\dataserver_ex603\masterskilltree.obj
d:\new folder (3)\source\dataserver_up15\dataserver\release\dataserver_ex603\warehouse.obj
d:\new folder (3)\source\dataserver_up15\dataserver\release\dataserver_ex603\util.obj
d:\new folder (3)\muserver\2.dataserver\dataserver.exe
d:\new folder (3)\source\dataserver_up15\dataserver\release\dataserver_ex603\dataserver.exe.intermediate.manifest
d:\new folder (3)\muserver\2.dataserver\dataserver.pdb
d:\new folder (3)\source\dataserver_up15\dataserver\release\dataserver_ex603\dataserver.res
d:\new folder (3)\source\dataserver_up15\dataserver\release\dataserver_ex603\cl.command.1.tlog
d:\new folder (3)\source\dataserver_up15\dataserver\release\dataserver_ex603\cl.read.1.tlog
d:\new folder (3)\source\dataserver_up15\dataserver\release\dataserver_ex603\cl.write.1.tlog
d:\new folder (3)\source\dataserver_up15\dataserver\release\dataserver_ex603\link-cvtres.read.1.tlog
d:\new folder (3)\source\dataserver_up15\dataserver\release\dataserver_ex603\link-cvtres.write.1.tlog
d:\new folder (3)\source\dataserver_up15\dataserver\release\dataserver_ex603\link.command.1.tlog
d:\new folder (3)\source\dataserver_up15\dataserver\release\dataserver_ex603\link.read.1.tlog
d:\new folder (3)\source\dataserver_up15\dataserver\release\dataserver_ex603\link.write.1.tlog
d:\new folder (3)\source\dataserver_up15\dataserver\release\dataserver_ex603\mt.command.1.tlog
d:\new folder (3)\source\dataserver_up15\dataserver\release\dataserver_ex603\mt.read.1.tlog
d:\new folder (3)\source\dataserver_up15\dataserver\release\dataserver_ex603\mt.write.1.tlog
d:\new folder (3)\source\dataserver_up15\dataserver\release\dataserver_ex603\rc.command.1.tlog
d:\new folder (3)\source\dataserver_up15\dataserver\release\dataserver_ex603\rc.read.1.tlog
d:\new folder (3)\source\dataserver_up15\dataserver\release\dataserver_ex603\rc.write.1.tlog
d:\new folder (3)\source\dataserver_up15\dataserver\..\..\..\muserver\2.dataserver\dataserver.exe
