d:\mu online\1. takumi12 update 15\2. source\encryptbmd_up15\encryptbmd\premium\encryptbmd.pch
d:\mu online\1. takumi12 update 15\2. source\encryptbmd_up15\encryptbmd\premium\stdafx.obj
d:\mu online\1. takumi12 update 15\2. source\encryptbmd_up15\encryptbmd\premium\vc100.pdb
d:\mu online\1. takumi12 update 15\2. source\encryptbmd_up15\encryptbmd\premium\tooltipbuff.obj
d:\mu online\1. takumi12 update 15\2. source\encryptbmd_up15\encryptbmd\premium\ccpetrendermesh.obj
d:\mu online\1. takumi12 update 15\2. source\encryptbmd_up15\encryptbmd\premium\multiselect.obj
d:\mu online\1. takumi12 update 15\2. source\encryptbmd_up15\encryptbmd\premium\monstereffect.obj
d:\mu online\1. takumi12 update 15\2. source\encryptbmd_up15\encryptbmd\premium\memscript.obj
d:\mu online\1. takumi12 update 15\2. source\encryptbmd_up15\encryptbmd\premium\jcrendernoitemglow.obj
d:\mu online\1. takumi12 update 15\2. source\encryptbmd_up15\encryptbmd\premium\jcmeshitemglow.obj
d:\mu online\1. takumi12 update 15\2. source\encryptbmd_up15\encryptbmd\premium\itemtooltip.obj
d:\mu online\1. takumi12 update 15\2. source\encryptbmd_up15\encryptbmd\premium\infolog.obj
d:\mu online\1. takumi12 update 15\2. source\encryptbmd_up15\encryptbmd\premium\encryptbmd.obj
d:\mu online\1. takumi12 update 15\2. source\encryptbmd_up15\encryptbmd\premium\customwingeffect.obj
d:\mu online\1. takumi12 update 15\2. source\encryptbmd_up15\encryptbmd\premium\custompeteffect.obj
d:\mu online\1. takumi12 update 15\2. source\encryptbmd_up15\encryptbmd\premium\custommonsterglow.obj
d:\mu online\1. takumi12 update 15\2. source\encryptbmd_up15\encryptbmd\premium\customeffectdynamic.obj
d:\mu online\1. takumi12 update 15\2. source\encryptbmd_up15\encryptbmd\premium\ccrc32.obj
d:\mu online\1. takumi12 update 15\9. source 29-06-2021 - full\source\encryptbmd_up15\encryptbmd\premium\encryptbmd.pch
d:\mu online\1. takumi12 update 15\9. source 29-06-2021 - full\source\encryptbmd_up15\encryptbmd\premium\stdafx.obj
d:\mu online\1. takumi12 update 15\9. source 29-06-2021 - full\source\encryptbmd_up15\encryptbmd\premium\vc100.pdb
d:\mu online\1. takumi12 update 15\9. source 29-06-2021 - full\source\encryptbmd_up15\encryptbmd\premium\tooltipbuff.obj
d:\mu online\1. takumi12 update 15\9. source 29-06-2021 - full\source\encryptbmd_up15\encryptbmd\premium\multiselect.obj
d:\mu online\1. takumi12 update 15\9. source 29-06-2021 - full\source\encryptbmd_up15\encryptbmd\premium\monstereffect.obj
d:\mu online\1. takumi12 update 15\9. source 29-06-2021 - full\source\encryptbmd_up15\encryptbmd\premium\memscript.obj
d:\mu online\1. takumi12 update 15\9. source 29-06-2021 - full\source\encryptbmd_up15\encryptbmd\premium\jcrendernoitemglow.obj
d:\mu online\1. takumi12 update 15\9. source 29-06-2021 - full\source\encryptbmd_up15\encryptbmd\premium\jcmeshitemglow.obj
d:\mu online\1. takumi12 update 15\9. source 29-06-2021 - full\source\encryptbmd_up15\encryptbmd\premium\itemtooltip.obj
d:\mu online\1. takumi12 update 15\9. source 29-06-2021 - full\source\encryptbmd_up15\encryptbmd\premium\infolog.obj
d:\mu online\1. takumi12 update 15\9. source 29-06-2021 - full\source\encryptbmd_up15\encryptbmd\premium\encryptbmd.obj
d:\mu online\1. takumi12 update 15\9. source 29-06-2021 - full\source\encryptbmd_up15\encryptbmd\premium\customwingeffect.obj
d:\mu online\1. takumi12 update 15\9. source 29-06-2021 - full\source\encryptbmd_up15\encryptbmd\premium\custompeteffect.obj
d:\mu online\1. takumi12 update 15\9. source 29-06-2021 - full\source\encryptbmd_up15\encryptbmd\premium\custommonsterglow.obj
d:\mu online\1. takumi12 update 15\9. source 29-06-2021 - full\source\encryptbmd_up15\encryptbmd\premium\customeffectdynamic.obj
d:\mu online\1. takumi12 update 15\9. source 29-06-2021 - full\source\encryptbmd_up15\encryptbmd\premium\ccpetrendermesh.obj
d:\mu online\1. takumi12 update 15\9. source 29-06-2021 - full\source\encryptbmd_up15\encryptbmd\premium\ccrc32.obj
f:\server share tuan\source\encryptbmd_up15\encryptbmd\premium\encryptbmd.pch
f:\server share tuan\source\encryptbmd_up15\encryptbmd\premium\stdafx.obj
f:\server share tuan\source\encryptbmd_up15\encryptbmd\premium\vc100.pdb
f:\server share tuan\source\encryptbmd_up15\encryptbmd\premium\tooltipbuff.obj
f:\server share tuan\source\encryptbmd_up15\encryptbmd\premium\multiselect.obj
f:\server share tuan\source\encryptbmd_up15\encryptbmd\premium\monstereffect.obj
f:\server share tuan\source\encryptbmd_up15\encryptbmd\premium\memscript.obj
f:\server share tuan\source\encryptbmd_up15\encryptbmd\premium\jcrendernoitemglow.obj
f:\server share tuan\source\encryptbmd_up15\encryptbmd\premium\jcmeshitemglow.obj
f:\server share tuan\source\encryptbmd_up15\encryptbmd\premium\itemtooltip.obj
f:\server share tuan\source\encryptbmd_up15\encryptbmd\premium\infolog.obj
f:\server share tuan\source\encryptbmd_up15\encryptbmd\premium\encryptbmd.obj
f:\server share tuan\source\encryptbmd_up15\encryptbmd\premium\customwingeffect.obj
f:\server share tuan\source\encryptbmd_up15\encryptbmd\premium\custompeteffect.obj
f:\server share tuan\source\encryptbmd_up15\encryptbmd\premium\custommonsterglow.obj
f:\server share tuan\source\encryptbmd_up15\encryptbmd\premium\customeffectdynamic.obj
f:\server share tuan\source\encryptbmd_up15\encryptbmd\premium\ccpetrendermesh.obj
f:\server share tuan\source\encryptbmd_up15\encryptbmd\premium\ccrc32.obj
d:\mu online\1. takumi12 update 15\3.tools\1.main_info\encrypttools\encryptbmd.exe
d:\mu online\1. takumi12 update 15\2. source\encryptbmd_up15\encryptbmd\premium\encryptbmd.exe.intermediate.manifest
d:\mu online\1. takumi12 update 15\3.tools\1.main_info\encrypttools\encryptbmd.pdb
d:\mu online\1. takumi12 update 15\9. end up 16\1.main_info\1. encrypttools\encryptbmd.exe
d:\mu online\1. takumi12 update 15\9. source 29-06-2021 - full\source\encryptbmd_up15\encryptbmd\premium\encryptbmd.exe.intermediate.manifest
d:\mu online\1. takumi12 update 15\9. end up 16\1.main_info\1. encrypttools\encryptbmd.pdb
f:\server share tuan\tools\main_info\encrypttools\encryptbmd.exe
f:\server share tuan\source\encryptbmd_up15\encryptbmd\premium\encryptbmd.exe.intermediate.manifest
f:\server share tuan\tools\main_info\encrypttools\encryptbmd.pdb
d:\mu online\1. takumi12 update 15\2. source\encryptbmd_up15\encryptbmd\premium\encryptbmd.res
d:\mu online\1. takumi12 update 15\9. source 29-06-2021 - full\source\encryptbmd_up15\encryptbmd\premium\encryptbmd.res
f:\server share tuan\source\encryptbmd_up15\encryptbmd\premium\encryptbmd.res
f:\server share tuan\source\encryptbmd_up15\encryptbmd\premium\encryptbmd.vcxprojresolveassemblyreference.cache
f:\server share tuan\source\encryptbmd_up15\encryptbmd\premium\cl.command.1.tlog
f:\server share tuan\source\encryptbmd_up15\encryptbmd\premium\cl.read.1.tlog
f:\server share tuan\source\encryptbmd_up15\encryptbmd\premium\cl.write.1.tlog
f:\server share tuan\source\encryptbmd_up15\encryptbmd\premium\encryptbmd.write.1.tlog
f:\server share tuan\source\encryptbmd_up15\encryptbmd\premium\link-cvtres.read.1.tlog
f:\server share tuan\source\encryptbmd_up15\encryptbmd\premium\link-cvtres.write.1.tlog
f:\server share tuan\source\encryptbmd_up15\encryptbmd\premium\link.command.1.tlog
f:\server share tuan\source\encryptbmd_up15\encryptbmd\premium\link.read.1.tlog
f:\server share tuan\source\encryptbmd_up15\encryptbmd\premium\link.write.1.tlog
f:\server share tuan\source\encryptbmd_up15\encryptbmd\premium\mt.command.1.tlog
f:\server share tuan\source\encryptbmd_up15\encryptbmd\premium\mt.read.1.tlog
f:\server share tuan\source\encryptbmd_up15\encryptbmd\premium\mt.write.1.tlog
f:\server share tuan\source\encryptbmd_up15\encryptbmd\premium\rc.command.1.tlog
f:\server share tuan\source\encryptbmd_up15\encryptbmd\premium\rc.read.1.tlog
f:\server share tuan\source\encryptbmd_up15\encryptbmd\premium\rc.write.1.tlog
f:\server share tuan\source\encryptbmd_up15\encryptbmd\premium\vc120.pdb
f:\server share tuan\source\encryptbmd_up15\encryptbmd\..\..\..\tools\main_info\encrypttools\encryptbmd.exe
