d:\full server muonline\server mu custom moi nhat\source\gameserver_up15\gameserver\release\gameserver_ex603\gameserver.pch
d:\full server muonline\server mu custom moi nhat\source\gameserver_up15\gameserver\release\gameserver_ex603\stdafx.obj
d:\full server muonline\server mu custom moi nhat\source\gameserver_up15\gameserver\release\gameserver_ex603\vc100.pdb
d:\full server muonline\server mu custom moi nhat\source\gameserver_up15\gameserver\release\gameserver_ex603\botalchemist.obj
d:\full server muonline\server mu custom moi nhat\source\gameserver_up15\gameserver\release\gameserver_ex603\bonusmanager.obj
d:\full server muonline\server mu custom moi nhat\source\gameserver_up15\gameserver\release\gameserver_ex603\bloodcastle.obj
d:\full server muonline\server mu custom moi nhat\source\gameserver_up15\gameserver\release\gameserver_ex603\bhonhoan.obj
d:\full server muonline\server mu custom moi nhat\source\gameserver_up15\gameserver\release\gameserver_ex603\beventthanma.obj
d:\full server muonline\server mu custom moi nhat\source\gameserver_up15\gameserver\release\gameserver_ex603\bdungluyenitem.obj
d:\full server muonline\server mu custom moi nhat\source\gameserver_up15\gameserver\release\gameserver_ex603\bcustomskinmodel.obj
d:\full server muonline\server mu custom moi nhat\source\gameserver_up15\gameserver\release\gameserver_ex603\bcustomitembank.obj
d:\full server muonline\server mu custom moi nhat\source\gameserver_up15\gameserver\release\gameserver_ex603\bcustomedit.obj
d:\full server muonline\server mu custom moi nhat\source\gameserver_up15\gameserver\release\gameserver_ex603\battlesoccermanager.obj
d:\full server muonline\server mu custom moi nhat\source\gameserver_up15\gameserver\release\gameserver_ex603\battlesoccer.obj
d:\full server muonline\server mu custom moi nhat\source\gameserver_up15\gameserver\release\gameserver_ex603\battleground.obj
d:\full server muonline\server mu custom moi nhat\source\gameserver_up15\gameserver\release\gameserver_ex603\bantihack.obj
d:\full server muonline\server mu custom moi nhat\source\gameserver_up15\gameserver\release\gameserver_ex603\attack.obj
d:\full server muonline\server mu custom moi nhat\source\gameserver_up15\gameserver\release\gameserver_ex603\arcabattle.obj
d:\full server muonline\server mu custom moi nhat\source\gameserver_up15\gameserver\release\gameserver_ex603\activeinvasions.obj
d:\full server muonline\server mu custom moi nhat\source\gameserver_up15\gameserver\release\gameserver_ex603\380itemtype.obj
d:\full server muonline\server mu custom moi nhat\source\gameserver_up15\gameserver\release\gameserver_ex603\380itemoption.obj
d:\full server muonline\server mu custom moi nhat\source\gameserver_up15\gameserver\release\gameserver_ex603\math.obj
d:\full server muonline\server mu custom moi nhat\source\gameserver_up15\gameserver\release\gameserver_ex603\ccrc32.obj
d:\full server muonline\server mu custom moi nhat\source\gameserver_up15\gameserver\release\gameserver_ex603\command.obj
d:\full server muonline\server mu custom moi nhat\source\gameserver_up15\gameserver\release\gameserver_ex603\comboskill.obj
d:\full server muonline\server mu custom moi nhat\source\gameserver_up15\gameserver\release\gameserver_ex603\chientruongco.obj
d:\full server muonline\server mu custom moi nhat\source\gameserver_up15\gameserver\release\gameserver_ex603\chaoscastle.obj
d:\full server muonline\server mu custom moi nhat\source\gameserver_up15\gameserver\release\gameserver_ex603\chaosbox.obj
d:\full server muonline\server mu custom moi nhat\source\gameserver_up15\gameserver\release\gameserver_ex603\cbconghuong.obj
d:\full server muonline\server mu custom moi nhat\source\gameserver_up15\gameserver\release\gameserver_ex603\castlesiegeweapon.obj
d:\full server muonline\server mu custom moi nhat\source\gameserver_up15\gameserver\release\gameserver_ex603\castlesiegesync.obj
d:\full server muonline\server mu custom moi nhat\source\gameserver_up15\gameserver\release\gameserver_ex603\castlesiegecrownswitch.obj
d:\full server muonline\server mu custom moi nhat\source\gameserver_up15\gameserver\release\gameserver_ex603\castlesiegecrown.obj
d:\full server muonline\server mu custom moi nhat\source\gameserver_up15\gameserver\release\gameserver_ex603\castlesiege.obj
d:\full server muonline\server mu custom moi nhat\source\gameserver_up15\gameserver\release\gameserver_ex603\castledeep.obj
d:\full server muonline\server mu custom moi nhat\source\gameserver_up15\gameserver\release\gameserver_ex603\cashshop.obj
d:\full server muonline\server mu custom moi nhat\source\gameserver_up15\gameserver\release\gameserver_ex603\cannontower.obj
d:\full server muonline\server mu custom moi nhat\source\gameserver_up15\gameserver\release\gameserver_ex603\b_mocnap.obj
d:\full server muonline\server mu custom moi nhat\source\gameserver_up15\gameserver\release\gameserver_ex603\bottrade.obj
d:\full server muonline\server mu custom moi nhat\source\gameserver_up15\gameserver\release\gameserver_ex603\botstore.obj
d:\full server muonline\server mu custom moi nhat\source\gameserver_up15\gameserver\release\gameserver_ex603\botonline.obj
d:\full server muonline\server mu custom moi nhat\source\gameserver_up15\gameserver\release\gameserver_ex603\botbuffer.obj
d:\full server muonline\server mu custom moi nhat\source\gameserver_up15\gameserver\release\gameserver_ex603\customeventtime.obj
d:\full server muonline\server mu custom moi nhat\source\gameserver_up15\gameserver\release\gameserver_ex603\customeventdrop.obj
d:\full server muonline\server mu custom moi nhat\source\gameserver_up15\gameserver\release\gameserver_ex603\customdeathmessage.obj
d:\full server muonline\server mu custom moi nhat\source\gameserver_up15\gameserver\release\gameserver_ex603\customcommanddescription.obj
d:\full server muonline\server mu custom moi nhat\source\gameserver_up15\gameserver\release\gameserver_ex603\customcombo.obj
d:\full server muonline\server mu custom moi nhat\source\gameserver_up15\gameserver\release\gameserver_ex603\custombuyvip.obj
d:\full server muonline\server mu custom moi nhat\source\gameserver_up15\gameserver\release\gameserver_ex603\customattack.obj
d:\full server muonline\server mu custom moi nhat\source\gameserver_up15\gameserver\release\gameserver_ex603\customarena.obj
d:\full server muonline\server mu custom moi nhat\source\gameserver_up15\gameserver\release\gameserver_ex603\ctcmini.obj
d:\full server muonline\server mu custom moi nhat\source\gameserver_up15\gameserver\release\gameserver_ex603\csprotocol.obj
d:\full server muonline\server mu custom moi nhat\source\gameserver_up15\gameserver\release\gameserver_ex603\crywolfutil.obj
d:\full server muonline\server mu custom moi nhat\source\gameserver_up15\gameserver\release\gameserver_ex603\crywolfsync.obj
d:\full server muonline\server mu custom moi nhat\source\gameserver_up15\gameserver\release\gameserver_ex603\crywolfstatue.obj
d:\full server muonline\server mu custom moi nhat\source\gameserver_up15\gameserver\release\gameserver_ex603\crywolfstatetimeinfo.obj
d:\full server muonline\server mu custom moi nhat\source\gameserver_up15\gameserver\release\gameserver_ex603\crywolfobjinfo.obj
d:\full server muonline\server mu custom moi nhat\source\gameserver_up15\gameserver\release\gameserver_ex603\crywolfaltar.obj
d:\full server muonline\server mu custom moi nhat\source\gameserver_up15\gameserver\release\gameserver_ex603\crywolf.obj
d:\full server muonline\server mu custom moi nhat\source\gameserver_up15\gameserver\release\gameserver_ex603\criticalsection.obj
d:\full server muonline\server mu custom moi nhat\source\gameserver_up15\gameserver\release\gameserver_ex603\connection.obj
d:\full server muonline\server mu custom moi nhat\source\gameserver_up15\gameserver\release\gameserver_ex603\commandmanager.obj
d:\full server muonline\server mu custom moi nhat\source\gameserver_up15\gameserver\release\gameserver_ex603\customrankuser.obj
d:\full server muonline\server mu custom moi nhat\source\gameserver_up15\gameserver\release\gameserver_ex603\customranking.obj
d:\full server muonline\server mu custom moi nhat\source\gameserver_up15\gameserver\release\gameserver_ex603\customquiz.obj
d:\full server muonline\server mu custom moi nhat\source\gameserver_up15\gameserver\release\gameserver_ex603\customquest.obj
d:\full server muonline\server mu custom moi nhat\source\gameserver_up15\gameserver\release\gameserver_ex603\custompkfree.obj
d:\full server muonline\server mu custom moi nhat\source\gameserver_up15\gameserver\release\gameserver_ex603\custompick.obj
d:\full server muonline\server mu custom moi nhat\source\gameserver_up15\gameserver\release\gameserver_ex603\custompet.obj
d:\full server muonline\server mu custom moi nhat\source\gameserver_up15\gameserver\release\gameserver_ex603\customonlinelottery.obj
d:\full server muonline\server mu custom moi nhat\source\gameserver_up15\gameserver\release\gameserver_ex603\customofflinemode.obj
d:\full server muonline\server mu custom moi nhat\source\gameserver_up15\gameserver\release\gameserver_ex603\customnpcquest.obj
d:\full server muonline\server mu custom moi nhat\source\gameserver_up15\gameserver\release\gameserver_ex603\customnpcmove.obj
d:\full server muonline\server mu custom moi nhat\source\gameserver_up15\gameserver\release\gameserver_ex603\customnpccommand.obj
d:\full server muonline\server mu custom moi nhat\source\gameserver_up15\gameserver\release\gameserver_ex603\customnpccollector.obj
d:\full server muonline\server mu custom moi nhat\source\gameserver_up15\gameserver\release\gameserver_ex603\custommove.obj
d:\full server muonline\server mu custom moi nhat\source\gameserver_up15\gameserver\release\gameserver_ex603\custommonsterskill.obj
d:\full server muonline\server mu custom moi nhat\source\gameserver_up15\gameserver\release\gameserver_ex603\custommonster.obj
d:\full server muonline\server mu custom moi nhat\source\gameserver_up15\gameserver\release\gameserver_ex603\custommix.obj
d:\full server muonline\server mu custom moi nhat\source\gameserver_up15\gameserver\release\gameserver_ex603\custommoveevent.obj
d:\full server muonline\server mu custom moi nhat\source\gameserver_up15\gameserver\release\gameserver_ex603\customjewel.obj
d:\full server muonline\server mu custom moi nhat\source\gameserver_up15\gameserver\release\gameserver_ex603\customghrs.obj
d:\full server muonline\server mu custom moi nhat\source\gameserver_up15\gameserver\release\gameserver_ex603\esprotocol.obj
d:\full server muonline\server mu custom moi nhat\source\gameserver_up15\gameserver\release\gameserver_ex603\effectmanager.obj
d:\full server muonline\server mu custom moi nhat\source\gameserver_up15\gameserver\release\gameserver_ex603\effect.obj
d:\full server muonline\server mu custom moi nhat\source\gameserver_up15\gameserver\release\gameserver_ex603\duel.obj
d:\full server muonline\server mu custom moi nhat\source\gameserver_up15\gameserver\release\gameserver_ex603\ductuong.obj
d:\full server muonline\server mu custom moi nhat\source\gameserver_up15\gameserver\release\gameserver_ex603\dsprotocol.obj
d:\full server muonline\server mu custom moi nhat\source\gameserver_up15\gameserver\release\gameserver_ex603\dropreward.obj
d:\full server muonline\server mu custom moi nhat\source\gameserver_up15\gameserver\release\gameserver_ex603\doublegoer.obj
d:\full server muonline\server mu custom moi nhat\source\gameserver_up15\gameserver\release\gameserver_ex603\devilsquare.obj
d:\full server muonline\server mu custom moi nhat\source\gameserver_up15\gameserver\release\gameserver_ex603\defaultclassinfo.obj
d:\full server muonline\server mu custom moi nhat\source\gameserver_up15\gameserver\release\gameserver_ex603\darkspirit.obj
d:\full server muonline\server mu custom moi nhat\source\gameserver_up15\gameserver\release\gameserver_ex603\danhhieu.obj
d:\full server muonline\server mu custom moi nhat\source\gameserver_up15\gameserver\release\gameserver_ex603\customwingmix.obj
d:\full server muonline\server mu custom moi nhat\source\gameserver_up15\gameserver\release\gameserver_ex603\customwing.obj
d:\full server muonline\server mu custom moi nhat\source\gameserver_up15\gameserver\release\gameserver_ex603\customvongquay.obj
d:\full server muonline\server mu custom moi nhat\source\gameserver_up15\gameserver\release\gameserver_ex603\customtop.obj
d:\full server muonline\server mu custom moi nhat\source\gameserver_up15\gameserver\release\gameserver_ex603\customstore.obj
d:\full server muonline\server mu custom moi nhat\source\gameserver_up15\gameserver\release\gameserver_ex603\customstartsetitemdame.obj
d:\full server muonline\server mu custom moi nhat\source\gameserver_up15\gameserver\release\gameserver_ex603\customstartitemdame.obj
d:\full server muonline\server mu custom moi nhat\source\gameserver_up15\gameserver\release\gameserver_ex603\customstartitem.obj
d:\full server muonline\server mu custom moi nhat\source\gameserver_up15\gameserver\release\gameserver_ex603\genssystem.obj
d:\full server muonline\server mu custom moi nhat\source\gameserver_up15\gameserver\release\gameserver_ex603\gate.obj
d:\full server muonline\server mu custom moi nhat\source\gameserver_up15\gameserver\release\gameserver_ex603\gameserver.obj
d:\full server muonline\server mu custom moi nhat\source\gameserver_up15\gameserver\release\gameserver_ex603\gamemaster.obj
d:\full server muonline\server mu custom moi nhat\source\gameserver_up15\gameserver\release\gameserver_ex603\gamemain.obj
d:\full server muonline\server mu custom moi nhat\source\gameserver_up15\gameserver\release\gameserver_ex603\fruit.obj
d:\full server muonline\server mu custom moi nhat\source\gameserver_up15\gameserver\release\gameserver_ex603\flyingdragons.obj
d:\full server muonline\server mu custom moi nhat\source\gameserver_up15\gameserver\release\gameserver_ex603\filterraname.obj
d:\full server muonline\server mu custom moi nhat\source\gameserver_up15\gameserver\release\gameserver_ex603\filter.obj
d:\full server muonline\server mu custom moi nhat\source\gameserver_up15\gameserver\release\gameserver_ex603\fakeonline.obj
d:\full server muonline\server mu custom moi nhat\source\gameserver_up15\gameserver\release\gameserver_ex603\experiencetable.obj
d:\full server muonline\server mu custom moi nhat\source\gameserver_up15\gameserver\release\gameserver_ex603\eventtvt.obj
d:\full server muonline\server mu custom moi nhat\source\gameserver_up15\gameserver\release\gameserver_ex603\eventstart.obj
d:\full server muonline\server mu custom moi nhat\source\gameserver_up15\gameserver\release\gameserver_ex603\eventrussianroulette.obj
d:\full server muonline\server mu custom moi nhat\source\gameserver_up15\gameserver\release\gameserver_ex603\eventrunandcatch.obj
d:\full server muonline\server mu custom moi nhat\source\gameserver_up15\gameserver\release\gameserver_ex603\eventquickly.obj
d:\full server muonline\server mu custom moi nhat\source\gameserver_up15\gameserver\release\gameserver_ex603\eventpvp.obj
d:\full server muonline\server mu custom moi nhat\source\gameserver_up15\gameserver\release\gameserver_ex603\eventkillall.obj
d:\full server muonline\server mu custom moi nhat\source\gameserver_up15\gameserver\release\gameserver_ex603\eventinventory.obj
d:\full server muonline\server mu custom moi nhat\source\gameserver_up15\gameserver\release\gameserver_ex603\eventhideandseek.obj
d:\full server muonline\server mu custom moi nhat\source\gameserver_up15\gameserver\release\gameserver_ex603\itembagex.obj
d:\full server muonline\server mu custom moi nhat\source\gameserver_up15\gameserver\release\gameserver_ex603\itembag.obj
d:\full server muonline\server mu custom moi nhat\source\gameserver_up15\gameserver\release\gameserver_ex603\item.obj
d:\full server muonline\server mu custom moi nhat\source\gameserver_up15\gameserver\release\gameserver_ex603\ipmanager.obj
d:\full server muonline\server mu custom moi nhat\source\gameserver_up15\gameserver\release\gameserver_ex603\inventoryequipment.obj
d:\full server muonline\server mu custom moi nhat\source\gameserver_up15\gameserver\release\gameserver_ex603\invasionmanager.obj
d:\full server muonline\server mu custom moi nhat\source\gameserver_up15\gameserver\release\gameserver_ex603\imperialguardian.obj
d:\full server muonline\server mu custom moi nhat\source\gameserver_up15\gameserver\release\gameserver_ex603\illusiontemple.obj
d:\full server muonline\server mu custom moi nhat\source\gameserver_up15\gameserver\release\gameserver_ex603\hwidmanager.obj
d:\full server muonline\server mu custom moi nhat\source\gameserver_up15\gameserver\release\gameserver_ex603\huyhieu.obj
d:\full server muonline\server mu custom moi nhat\source\gameserver_up15\gameserver\release\gameserver_ex603\helper.obj
d:\full server muonline\server mu custom moi nhat\source\gameserver_up15\gameserver\release\gameserver_ex603\hackxdamecheck.obj
d:\full server muonline\server mu custom moi nhat\source\gameserver_up15\gameserver\release\gameserver_ex603\hackskillcheck.obj
d:\full server muonline\server mu custom moi nhat\source\gameserver_up15\gameserver\release\gameserver_ex603\hackpacketcheck.obj
d:\full server muonline\server mu custom moi nhat\source\gameserver_up15\gameserver\release\gameserver_ex603\hackcheck.obj
d:\full server muonline\server mu custom moi nhat\source\gameserver_up15\gameserver\release\gameserver_ex603\guildupgrade.obj
d:\full server muonline\server mu custom moi nhat\source\gameserver_up15\gameserver\release\gameserver_ex603\guildmatching.obj
d:\full server muonline\server mu custom moi nhat\source\gameserver_up15\gameserver\release\gameserver_ex603\guildclass.obj
d:\full server muonline\server mu custom moi nhat\source\gameserver_up15\gameserver\release\gameserver_ex603\guild.obj
d:\full server muonline\server mu custom moi nhat\source\gameserver_up15\gameserver\release\gameserver_ex603\guardianstatue.obj
d:\full server muonline\server mu custom moi nhat\source\gameserver_up15\gameserver\release\gameserver_ex603\kanturubattleusermng.obj
d:\full server muonline\server mu custom moi nhat\source\gameserver_up15\gameserver\release\gameserver_ex603\kanturubattlestanby.obj
d:\full server muonline\server mu custom moi nhat\source\gameserver_up15\gameserver\release\gameserver_ex603\kanturubattleofnightmare.obj
d:\full server muonline\server mu custom moi nhat\source\gameserver_up15\gameserver\release\gameserver_ex603\kanturubattleofmaya.obj
d:\full server muonline\server mu custom moi nhat\source\gameserver_up15\gameserver\release\gameserver_ex603\kanturu.obj
d:\full server muonline\server mu custom moi nhat\source\gameserver_up15\gameserver\release\gameserver_ex603\kalima.obj
d:\full server muonline\server mu custom moi nhat\source\gameserver_up15\gameserver\release\gameserver_ex603\jsprotocol.obj
d:\full server muonline\server mu custom moi nhat\source\gameserver_up15\gameserver\release\gameserver_ex603\jewelofharmonytype.obj
d:\full server muonline\server mu custom moi nhat\source\gameserver_up15\gameserver\release\gameserver_ex603\jewelofharmonyoption.obj
d:\full server muonline\server mu custom moi nhat\source\gameserver_up15\gameserver\release\gameserver_ex603\jewelmix.obj
d:\full server muonline\server mu custom moi nhat\source\gameserver_up15\gameserver\release\gameserver_ex603\itemvaluetrade.obj
d:\full server muonline\server mu custom moi nhat\source\gameserver_up15\gameserver\release\gameserver_ex603\itemvalue.obj
d:\full server muonline\server mu custom moi nhat\source\gameserver_up15\gameserver\release\gameserver_ex603\itemstack.obj
d:\full server muonline\server mu custom moi nhat\source\gameserver_up15\gameserver\release\gameserver_ex603\itemoptionrate.obj
d:\full server muonline\server mu custom moi nhat\source\gameserver_up15\gameserver\release\gameserver_ex603\itemoption.obj
d:\full server muonline\server mu custom moi nhat\source\gameserver_up15\gameserver\release\gameserver_ex603\itemmove.obj
d:\full server muonline\server mu custom moi nhat\source\gameserver_up15\gameserver\release\gameserver_ex603\itemmanager.obj
d:\full server muonline\server mu custom moi nhat\source\gameserver_up15\gameserver\release\gameserver_ex603\itemlevel.obj
d:\full server muonline\server mu custom moi nhat\source\gameserver_up15\gameserver\release\gameserver_ex603\itemdrop.obj
d:\full server muonline\server mu custom moi nhat\source\gameserver_up15\gameserver\release\gameserver_ex603\itembagmanager.obj
d:\full server muonline\server mu custom moi nhat\source\gameserver_up15\gameserver\release\gameserver_ex603\memoryallocator.obj
d:\full server muonline\server mu custom moi nhat\source\gameserver_up15\gameserver\release\gameserver_ex603\masterskilltree.obj
d:\full server muonline\server mu custom moi nhat\source\gameserver_up15\gameserver\release\gameserver_ex603\mapservermanager.obj
d:\full server muonline\server mu custom moi nhat\source\gameserver_up15\gameserver\release\gameserver_ex603\mappath.obj
d:\full server muonline\server mu custom moi nhat\source\gameserver_up15\gameserver\release\gameserver_ex603\mapmanager.obj
d:\full server muonline\server mu custom moi nhat\source\gameserver_up15\gameserver\release\gameserver_ex603\mapitem.obj
d:\full server muonline\server mu custom moi nhat\source\gameserver_up15\gameserver\release\gameserver_ex603\map.obj
d:\full server muonline\server mu custom moi nhat\source\gameserver_up15\gameserver\release\gameserver_ex603\luckyitem.obj
d:\full server muonline\server mu custom moi nhat\source\gameserver_up15\gameserver\release\gameserver_ex603\luckycoin.obj
d:\full server muonline\server mu custom moi nhat\source\gameserver_up15\gameserver\release\gameserver_ex603\log.obj
d:\full server muonline\server mu custom moi nhat\source\gameserver_up15\gameserver\release\gameserver_ex603\lifestone.obj
d:\full server muonline\server mu custom moi nhat\source\gameserver_up15\gameserver\release\gameserver_ex603\license.obj
d:\full server muonline\server mu custom moi nhat\source\gameserver_up15\gameserver\release\gameserver_ex603\lee.obj
d:\full server muonline\server mu custom moi nhat\source\gameserver_up15\gameserver\release\gameserver_ex603\kanturuutil.obj
d:\full server muonline\server mu custom moi nhat\source\gameserver_up15\gameserver\release\gameserver_ex603\kanturutowerofrefinement.obj
d:\full server muonline\server mu custom moi nhat\source\gameserver_up15\gameserver\release\gameserver_ex603\kanturustateinfo.obj
d:\full server muonline\server mu custom moi nhat\source\gameserver_up15\gameserver\release\gameserver_ex603\kanturuobjinfo.obj
d:\full server muonline\server mu custom moi nhat\source\gameserver_up15\gameserver\release\gameserver_ex603\kanturumonstermng.obj
d:\full server muonline\server mu custom moi nhat\source\gameserver_up15\gameserver\release\gameserver_ex603\kanturumaya.obj
d:\full server muonline\server mu custom moi nhat\source\gameserver_up15\gameserver\release\gameserver_ex603\kanturuentrancenpc.obj
d:\full server muonline\server mu custom moi nhat\source\gameserver_up15\gameserver\release\gameserver_ex603\monsterairule.obj
d:\full server muonline\server mu custom moi nhat\source\gameserver_up15\gameserver\release\gameserver_ex603\monsteraimovepathinfo.obj
d:\full server muonline\server mu custom moi nhat\source\gameserver_up15\gameserver\release\gameserver_ex603\monsteraimovepath.obj
d:\full server muonline\server mu custom moi nhat\source\gameserver_up15\gameserver\release\gameserver_ex603\monsteraigroupmember.obj
d:\full server muonline\server mu custom moi nhat\source\gameserver_up15\gameserver\release\gameserver_ex603\monsteraigroup.obj
d:\full server muonline\server mu custom moi nhat\source\gameserver_up15\gameserver\release\gameserver_ex603\monsteraielementinfo.obj
d:\full server muonline\server mu custom moi nhat\source\gameserver_up15\gameserver\release\gameserver_ex603\monsteraielement.obj
d:\full server muonline\server mu custom moi nhat\source\gameserver_up15\gameserver\release\gameserver_ex603\monsteraiautomatainfo.obj
d:\full server muonline\server mu custom moi nhat\source\gameserver_up15\gameserver\release\gameserver_ex603\monsteraiautomata.obj
d:\full server muonline\server mu custom moi nhat\source\gameserver_up15\gameserver\release\gameserver_ex603\monsteraiagro.obj
d:\full server muonline\server mu custom moi nhat\source\gameserver_up15\gameserver\release\gameserver_ex603\monsterai.obj
d:\full server muonline\server mu custom moi nhat\source\gameserver_up15\gameserver\release\gameserver_ex603\monster.obj
d:\full server muonline\server mu custom moi nhat\source\gameserver_up15\gameserver\release\gameserver_ex603\miningsystem.obj
d:\full server muonline\server mu custom moi nhat\source\gameserver_up15\gameserver\release\gameserver_ex603\minimap.obj
d:\full server muonline\server mu custom moi nhat\source\gameserver_up15\gameserver\release\gameserver_ex603\minidump.obj
d:\full server muonline\server mu custom moi nhat\source\gameserver_up15\gameserver\release\gameserver_ex603\message.obj
d:\full server muonline\server mu custom moi nhat\source\gameserver_up15\gameserver\release\gameserver_ex603\mercenary.obj
d:\full server muonline\server mu custom moi nhat\source\gameserver_up15\gameserver\release\gameserver_ex603\memscript2.obj
d:\full server muonline\server mu custom moi nhat\source\gameserver_up15\gameserver\release\gameserver_ex603\memscript.obj
d:\full server muonline\server mu custom moi nhat\source\gameserver_up15\gameserver\release\gameserver_ex603\memoryallocatorinfo.obj
d:\full server muonline\server mu custom moi nhat\source\gameserver_up15\gameserver\release\gameserver_ex603\newcustomfunctions.obj
d:\full server muonline\server mu custom moi nhat\source\gameserver_up15\gameserver\release\gameserver_ex603\muunsystem.obj
d:\full server muonline\server mu custom moi nhat\source\gameserver_up15\gameserver\release\gameserver_ex603\murummy.obj
d:\full server muonline\server mu custom moi nhat\source\gameserver_up15\gameserver\release\gameserver_ex603\movesummon.obj
d:\full server muonline\server mu custom moi nhat\source\gameserver_up15\gameserver\release\gameserver_ex603\move.obj
d:\full server muonline\server mu custom moi nhat\source\gameserver_up15\gameserver\release\gameserver_ex603\mossmerchant.obj
d:\full server muonline\server mu custom moi nhat\source\gameserver_up15\gameserver\release\gameserver_ex603\monsterskillunitinfo.obj
d:\full server muonline\server mu custom moi nhat\source\gameserver_up15\gameserver\release\gameserver_ex603\monsterskillunit.obj
d:\full server muonline\server mu custom moi nhat\source\gameserver_up15\gameserver\release\gameserver_ex603\monsterskillmanager.obj
d:\full server muonline\server mu custom moi nhat\source\gameserver_up15\gameserver\release\gameserver_ex603\monsterskillinfo.obj
d:\full server muonline\server mu custom moi nhat\source\gameserver_up15\gameserver\release\gameserver_ex603\monsterskillelementoption.obj
d:\full server muonline\server mu custom moi nhat\source\gameserver_up15\gameserver\release\gameserver_ex603\monsterskillelementinfo.obj
d:\full server muonline\server mu custom moi nhat\source\gameserver_up15\gameserver\release\gameserver_ex603\monsterskillelement.obj
d:\full server muonline\server mu custom moi nhat\source\gameserver_up15\gameserver\release\gameserver_ex603\monstersetbase.obj
d:\full server muonline\server mu custom moi nhat\source\gameserver_up15\gameserver\release\gameserver_ex603\monstermanager.obj
d:\full server muonline\server mu custom moi nhat\source\gameserver_up15\gameserver\release\gameserver_ex603\monsteraiutil.obj
d:\full server muonline\server mu custom moi nhat\source\gameserver_up15\gameserver\release\gameserver_ex603\monsteraiunitinfo.obj
d:\full server muonline\server mu custom moi nhat\source\gameserver_up15\gameserver\release\gameserver_ex603\monsteraiunit.obj
d:\full server muonline\server mu custom moi nhat\source\gameserver_up15\gameserver\release\gameserver_ex603\monsteraistate.obj
d:\full server muonline\server mu custom moi nhat\source\gameserver_up15\gameserver\release\gameserver_ex603\monsterairuleinfo.obj
d:\full server muonline\server mu custom moi nhat\source\gameserver_up15\gameserver\release\gameserver_ex603\quest.obj
d:\full server muonline\server mu custom moi nhat\source\gameserver_up15\gameserver\release\gameserver_ex603\quanham.obj
d:\full server muonline\server mu custom moi nhat\source\gameserver_up15\gameserver\release\gameserver_ex603\pugixml.obj
d:\full server muonline\server mu custom moi nhat\source\gameserver_up15\gameserver\release\gameserver_ex603\protocol.obj
d:\full server muonline\server mu custom moi nhat\source\gameserver_up15\gameserver\release\gameserver_ex603\protect.obj
d:\full server muonline\server mu custom moi nhat\source\gameserver_up15\gameserver\release\gameserver_ex603\premiumdrop.obj
d:\full server muonline\server mu custom moi nhat\source\gameserver_up15\gameserver\release\gameserver_ex603\personalshop.obj
d:\full server muonline\server mu custom moi nhat\source\gameserver_up15\gameserver\release\gameserver_ex603\pentagramsystem.obj
d:\full server muonline\server mu custom moi nhat\source\gameserver_up15\gameserver\release\gameserver_ex603\pcpoint.obj
d:\full server muonline\server mu custom moi nhat\source\gameserver_up15\gameserver\release\gameserver_ex603\path.obj
d:\full server muonline\server mu custom moi nhat\source\gameserver_up15\gameserver\release\gameserver_ex603\partysetpass.obj
d:\full server muonline\server mu custom moi nhat\source\gameserver_up15\gameserver\release\gameserver_ex603\partysearch.obj
d:\full server muonline\server mu custom moi nhat\source\gameserver_up15\gameserver\release\gameserver_ex603\partymatching.obj
d:\full server muonline\server mu custom moi nhat\source\gameserver_up15\gameserver\release\gameserver_ex603\party.obj
d:\full server muonline\server mu custom moi nhat\source\gameserver_up15\gameserver\release\gameserver_ex603\packetmanager.obj
d:\full server muonline\server mu custom moi nhat\source\gameserver_up15\gameserver\release\gameserver_ex603\offlinemode.obj
d:\full server muonline\server mu custom moi nhat\source\gameserver_up15\gameserver\release\gameserver_ex603\objectmanager.obj
d:\full server muonline\server mu custom moi nhat\source\gameserver_up15\gameserver\release\gameserver_ex603\npctalk.obj
d:\full server muonline\server mu custom moi nhat\source\gameserver_up15\gameserver\release\gameserver_ex603\notice.obj
d:\full server muonline\server mu custom moi nhat\source\gameserver_up15\gameserver\release\gameserver_ex603\newuimyinventory.obj
d:\full server muonline\server mu custom moi nhat\source\gameserver_up15\gameserver\release\gameserver_ex603\resettable.obj
d:\full server muonline\server mu custom moi nhat\source\gameserver_up15\gameserver\release\gameserver_ex603\resetchange.obj
d:\full server muonline\server mu custom moi nhat\source\gameserver_up15\gameserver\release\gameserver_ex603\reidomu.obj
d:\full server muonline\server mu custom moi nhat\source\gameserver_up15\gameserver\release\gameserver_ex603\reconnect.obj
d:\full server muonline\server mu custom moi nhat\source\gameserver_up15\gameserver\release\gameserver_ex603\randommanager.obj
d:\full server muonline\server mu custom moi nhat\source\gameserver_up15\gameserver\release\gameserver_ex603\ramfix.obj
d:\full server muonline\server mu custom moi nhat\source\gameserver_up15\gameserver\release\gameserver_ex603\raklionutil.obj
d:\full server muonline\server mu custom moi nhat\source\gameserver_up15\gameserver\release\gameserver_ex603\raklionselupan.obj
d:\full server muonline\server mu custom moi nhat\source\gameserver_up15\gameserver\release\gameserver_ex603\raklionobjinfo.obj
d:\full server muonline\server mu custom moi nhat\source\gameserver_up15\gameserver\release\gameserver_ex603\raklionbattleusermng.obj
d:\full server muonline\server mu custom moi nhat\source\gameserver_up15\gameserver\release\gameserver_ex603\raklionbattleuser.obj
d:\full server muonline\server mu custom moi nhat\source\gameserver_up15\gameserver\release\gameserver_ex603\raklionbattleofselupan.obj
d:\full server muonline\server mu custom moi nhat\source\gameserver_up15\gameserver\release\gameserver_ex603\raklion.obj
d:\full server muonline\server mu custom moi nhat\source\gameserver_up15\gameserver\release\gameserver_ex603\queuetimer.obj
d:\full server muonline\server mu custom moi nhat\source\gameserver_up15\gameserver\release\gameserver_ex603\queue.obj
d:\full server muonline\server mu custom moi nhat\source\gameserver_up15\gameserver\release\gameserver_ex603\questworldreward.obj
d:\full server muonline\server mu custom moi nhat\source\gameserver_up15\gameserver\release\gameserver_ex603\questworldobjective.obj
d:\full server muonline\server mu custom moi nhat\source\gameserver_up15\gameserver\release\gameserver_ex603\questworld.obj
d:\full server muonline\server mu custom moi nhat\source\gameserver_up15\gameserver\release\gameserver_ex603\questreward.obj
d:\full server muonline\server mu custom moi nhat\source\gameserver_up15\gameserver\release\gameserver_ex603\questobjective.obj
d:\full server muonline\server mu custom moi nhat\source\gameserver_up15\gameserver\release\gameserver_ex603\skillmanager.obj
d:\full server muonline\server mu custom moi nhat\source\gameserver_up15\gameserver\release\gameserver_ex603\skillhitbox.obj
d:\full server muonline\server mu custom moi nhat\source\gameserver_up15\gameserver\release\gameserver_ex603\skill.obj
d:\full server muonline\server mu custom moi nhat\source\gameserver_up15\gameserver\release\gameserver_ex603\shoppointex.obj
d:\full server muonline\server mu custom moi nhat\source\gameserver_up15\gameserver\release\gameserver_ex603\shopmanager.obj
d:\full server muonline\server mu custom moi nhat\source\gameserver_up15\gameserver\release\gameserver_ex603\shop.obj
d:\full server muonline\server mu custom moi nhat\source\gameserver_up15\gameserver\release\gameserver_ex603\setitemtype.obj
d:\full server muonline\server mu custom moi nhat\source\gameserver_up15\gameserver\release\gameserver_ex603\setitemoption.obj
d:\full server muonline\server mu custom moi nhat\source\gameserver_up15\gameserver\release\gameserver_ex603\serverinfo.obj
d:\full server muonline\server mu custom moi nhat\source\gameserver_up15\gameserver\release\gameserver_ex603\serverdisplayer.obj
d:\full server muonline\server mu custom moi nhat\source\gameserver_up15\gameserver\release\gameserver_ex603\serialcheck.obj
d:\full server muonline\server mu custom moi nhat\source\gameserver_up15\gameserver\release\gameserver_ex603\schedulemanager.obj
d:\full server muonline\server mu custom moi nhat\source\gameserver_up15\gameserver\release\gameserver_ex603\saucustomharmony.obj
d:\full server muonline\server mu custom moi nhat\source\gameserver_up15\gameserver\release\gameserver_ex603\sauchangeitem.obj
d:\full server muonline\server mu custom moi nhat\source\gameserver_up15\gameserver\release\gameserver_ex603\battleroyale.obj
d:\full server muonline\server mu custom moi nhat\source\gameserver_up15\gameserver\release\gameserver_ex603\ruudtokenselltemplate.obj
d:\full server muonline\server mu custom moi nhat\source\gameserver_up15\gameserver\release\gameserver_ex603\royalbattleground.obj
d:\full server muonline\server mu custom moi nhat\source\gameserver_up15\gameserver\release\gameserver_ex603\rewardsystem.obj
d:\full server muonline\server mu custom moi nhat\source\gameserver_up15\gameserver\release\gameserver_ex603\respawnlocation.obj
d:\full server muonline\server mu custom moi nhat\source\gameserver_up15\gameserver\release\gameserver_ex603\resettablevip.obj
d:\full server muonline\server mu custom moi nhat\source\gameserver_up15\gameserver\release\gameserver_ex603\warehouse.obj
d:\full server muonline\server mu custom moi nhat\source\gameserver_up15\gameserver\release\gameserver_ex603\viewport.obj
d:\full server muonline\server mu custom moi nhat\source\gameserver_up15\gameserver\release\gameserver_ex603\util.obj
d:\full server muonline\server mu custom moi nhat\source\gameserver_up15\gameserver\release\gameserver_ex603\user.obj
d:\full server muonline\server mu custom moi nhat\source\gameserver_up15\gameserver\release\gameserver_ex603\unioninfo.obj
d:\full server muonline\server mu custom moi nhat\source\gameserver_up15\gameserver\release\gameserver_ex603\union.obj
d:\full server muonline\server mu custom moi nhat\source\gameserver_up15\gameserver\release\gameserver_ex603\tuluyen.obj
d:\full server muonline\server mu custom moi nhat\source\gameserver_up15\gameserver\release\gameserver_ex603\trade.obj
d:\full server muonline\server mu custom moi nhat\source\gameserver_up15\gameserver\release\gameserver_ex603\thuongdanhboss.obj
d:\full server muonline\server mu custom moi nhat\source\gameserver_up15\gameserver\release\gameserver_ex603\thumuadoexc.obj
d:\full server muonline\server mu custom moi nhat\source\gameserver_up15\gameserver\release\gameserver_ex603\thueflag.obj
d:\full server muonline\server mu custom moi nhat\source\gameserver_up15\gameserver\release\gameserver_ex603\teventgreatpk.obj
d:\full server muonline\server mu custom moi nhat\source\gameserver_up15\gameserver\release\gameserver_ex603\teleportmarlon.obj
d:\full server muonline\server mu custom moi nhat\source\gameserver_up15\gameserver\release\gameserver_ex603\summonscroll.obj
d:\full server muonline\server mu custom moi nhat\source\gameserver_up15\gameserver\release\gameserver_ex603\statsadvance.obj
d:\full server muonline\server mu custom moi nhat\source\gameserver_up15\gameserver\release\gameserver_ex603\socketmanagerudp.obj
d:\full server muonline\server mu custom moi nhat\source\gameserver_up15\gameserver\release\gameserver_ex603\socketmanager.obj
d:\full server muonline\server mu custom moi nhat\source\gameserver_up15\gameserver\release\gameserver_ex603\socketitemtype.obj
d:\full server muonline\server mu custom moi nhat\source\gameserver_up15\gameserver\release\gameserver_ex603\socketitemoption.obj
d:\full server muonline\server mu custom moi nhat\source\gameserver_up15\gameserver\release\gameserver_ex603\skyevent.obj
d:\full server muonline\server mu custom moi nhat\source\gameserver_up15\gameserver\release\gameserver_ex603\zendrop.obj
d:\full server muonline\server mu custom moi nhat\muserver\4.sub-1\gameserver\gameserver.exe
d:\full server muonline\server mu custom moi nhat\source\gameserver_up15\gameserver\release\gameserver_ex603\gameserver.exe.intermediate.manifest
d:\full server muonline\server mu custom moi nhat\muserver\4.sub-1\gameserver\gameserver.pdb
d:\full server muonline\server mu custom moi nhat\muserver\4.sub-1\gameserver\gameserver.exe.manifest
d:\full server muonline\server mu custom moi nhat\source\gameserver_up15\gameserver\release\gameserver_ex603\gameserver.res
d:\full server muonline\server mu custom moi nhat\source\gameserver_up15\gameserver\release\gameserver_ex603\cl.command.1.tlog
d:\full server muonline\server mu custom moi nhat\source\gameserver_up15\gameserver\release\gameserver_ex603\cl.read.1.tlog
d:\full server muonline\server mu custom moi nhat\source\gameserver_up15\gameserver\release\gameserver_ex603\cl.write.1.tlog
d:\full server muonline\server mu custom moi nhat\source\gameserver_up15\gameserver\release\gameserver_ex603\link-cvtres.read.1.tlog
d:\full server muonline\server mu custom moi nhat\source\gameserver_up15\gameserver\release\gameserver_ex603\link-cvtres.write.1.tlog
d:\full server muonline\server mu custom moi nhat\source\gameserver_up15\gameserver\release\gameserver_ex603\link.command.1.tlog
d:\full server muonline\server mu custom moi nhat\source\gameserver_up15\gameserver\release\gameserver_ex603\link.read.1.tlog
d:\full server muonline\server mu custom moi nhat\source\gameserver_up15\gameserver\release\gameserver_ex603\link.write.1.tlog
d:\full server muonline\server mu custom moi nhat\source\gameserver_up15\gameserver\release\gameserver_ex603\mt.command.1.tlog
d:\full server muonline\server mu custom moi nhat\source\gameserver_up15\gameserver\release\gameserver_ex603\mt.read.1.tlog
d:\full server muonline\server mu custom moi nhat\source\gameserver_up15\gameserver\release\gameserver_ex603\mt.write.1.tlog
d:\full server muonline\server mu custom moi nhat\source\gameserver_up15\gameserver\release\gameserver_ex603\rc.command.1.tlog
d:\full server muonline\server mu custom moi nhat\source\gameserver_up15\gameserver\release\gameserver_ex603\rc.read.1.tlog
d:\full server muonline\server mu custom moi nhat\source\gameserver_up15\gameserver\release\gameserver_ex603\rc.write.1.tlog
d:\full server muonline\server mu custom moi nhat\source\gameserver_up15\gameserver\..\..\..\muserver\4.sub-1\gameserver\gameserver.exe
