d:\new folder (3)\source\connectserver_up15\connectserver\release\connectserver_ex603\connectserver.pch
d:\new folder (3)\source\connectserver_up15\connectserver\release\connectserver_ex603\stdafx.obj
d:\new folder (3)\source\connectserver_up15\connectserver\release\connectserver_ex603\vc100.pdb
d:\new folder (3)\source\connectserver_up15\connectserver\release\connectserver_ex603\util.obj
d:\new folder (3)\source\connectserver_up15\connectserver\release\connectserver_ex603\socketmanagerudp.obj
d:\new folder (3)\source\connectserver_up15\connectserver\release\connectserver_ex603\socketmanager.obj
d:\new folder (3)\source\connectserver_up15\connectserver\release\connectserver_ex603\serverlist.obj
d:\new folder (3)\source\connectserver_up15\connectserver\release\connectserver_ex603\serverdisplayer.obj
d:\new folder (3)\source\connectserver_up15\connectserver\release\connectserver_ex603\queue.obj
d:\new folder (3)\source\connectserver_up15\connectserver\release\connectserver_ex603\protect.obj
d:\new folder (3)\source\connectserver_up15\connectserver\release\connectserver_ex603\minidump.obj
d:\new folder (3)\source\connectserver_up15\connectserver\release\connectserver_ex603\memscript.obj
d:\new folder (3)\source\connectserver_up15\connectserver\release\connectserver_ex603\log.obj
d:\new folder (3)\source\connectserver_up15\connectserver\release\connectserver_ex603\ipmanager.obj
d:\new folder (3)\source\connectserver_up15\connectserver\release\connectserver_ex603\criticalsection.obj
d:\new folder (3)\source\connectserver_up15\connectserver\release\connectserver_ex603\connectserverprotocol.obj
d:\new folder (3)\source\connectserver_up15\connectserver\release\connectserver_ex603\connectserver.obj
d:\new folder (3)\source\connectserver_up15\connectserver\release\connectserver_ex603\clientmanager.obj
d:\new folder (3)\muserver\1.connectserver\connectserver.exe
d:\new folder (3)\source\connectserver_up15\connectserver\release\connectserver_ex603\connectserver.exe.intermediate.manifest
d:\new folder (3)\muserver\1.connectserver\connectserver.pdb
d:\new folder (3)\source\connectserver_up15\connectserver\release\connectserver_ex603\connectserver.res
d:\new folder (3)\source\connectserver_up15\connectserver\release\connectserver_ex603\cl.command.1.tlog
d:\new folder (3)\source\connectserver_up15\connectserver\release\connectserver_ex603\cl.read.1.tlog
d:\new folder (3)\source\connectserver_up15\connectserver\release\connectserver_ex603\cl.write.1.tlog
d:\new folder (3)\source\connectserver_up15\connectserver\release\connectserver_ex603\link-cvtres.read.1.tlog
d:\new folder (3)\source\connectserver_up15\connectserver\release\connectserver_ex603\link-cvtres.write.1.tlog
d:\new folder (3)\source\connectserver_up15\connectserver\release\connectserver_ex603\link.command.1.tlog
d:\new folder (3)\source\connectserver_up15\connectserver\release\connectserver_ex603\link.read.1.tlog
d:\new folder (3)\source\connectserver_up15\connectserver\release\connectserver_ex603\link.write.1.tlog
d:\new folder (3)\source\connectserver_up15\connectserver\release\connectserver_ex603\mt.command.1.tlog
d:\new folder (3)\source\connectserver_up15\connectserver\release\connectserver_ex603\mt.read.1.tlog
d:\new folder (3)\source\connectserver_up15\connectserver\release\connectserver_ex603\mt.write.1.tlog
d:\new folder (3)\source\connectserver_up15\connectserver\release\connectserver_ex603\rc.command.1.tlog
d:\new folder (3)\source\connectserver_up15\connectserver\release\connectserver_ex603\rc.read.1.tlog
d:\new folder (3)\source\connectserver_up15\connectserver\release\connectserver_ex603\rc.write.1.tlog
d:\new folder (3)\source\connectserver_up15\connectserver\..\..\..\muserver\1.connectserver\connectserver.exe
