Build started 21/05/2021 11:35:16 PM.
     1>Project "D:\MU Online\1. Takumi12 Update 15\2. Source\EncryptBMD_UP15\EncryptBMD\EncryptBMD.vcxproj" on node 2 (build target(s)).
     1>C:\Program Files (x86)\MSBuild\Microsoft.Cpp\v4.0\Microsoft.CppBuild.targets(299,5): warning MSB8004: Output Directory does not end with a trailing slash.  This build instance will add the slash as it is required to allow proper evaluation of the Output Directory.
         Creating directory "..\..\..\3.Tools\MAIN_INFO\EncryptTools\".
     1>InitializeBuildStatus:
         Creating "Debug\EncryptBMD.unsuccessfulbuild" because "AlwaysCreate" was specified.
       ClCompile:
         c:\Program Files (x86)\Microsoft Visual Studio 10.0\VC\bin\CL.exe /c /ZI /nologo /W3 /WX- /Od /Oy- /D WIN32 /D _DEBUG /D _CONSOLE /D _MBCS /Gm /EHsc /RTC1 /MTd /GS /fp:precise /Zc:wchar_t /Zc:forScope /Yc"StdAfx.h" /Fp"Debug\EncryptBMD.pch" /Fo"Debug\\" /Fd"Debug\vc100.pdb" /Gd /TP /analyze- /errorReport:prompt stdafx.cpp
         stdafx.cpp
         c:\Program Files (x86)\Microsoft Visual Studio 10.0\VC\bin\CL.exe /c /ZI /nologo /W3 /WX- /Od /Oy- /D WIN32 /D _DEBUG /D _CONSOLE /D _MBCS /Gm /EHsc /RTC1 /MTd /GS /fp:precise /Zc:wchar_t /Zc:forScope /Yu"StdAfx.h" /Fp"Debug\EncryptBMD.pch" /Fo"Debug\\" /Fd"Debug\vc100.pdb" /Gd /TP /analyze- /errorReport:prompt ..\..\Util\CCRC32.Cpp cCPetRenderMesh.cpp CustomEffectDynamic.cpp CustomMonsterGlow.cpp CustomPetEffect.cpp CustomWIngEffect.cpp EncryptBMD.cpp InfoLog.cpp ItemTooltip.cpp JCMeshItemGlow.cpp JCRendernoItemGlow.cpp MemScript.cpp MonsterEffect.cpp MultiSelect.cpp tooltipbuff.cpp
         tooltipbuff.cpp
         MultiSelect.cpp
         MonsterEffect.cpp
         MemScript.cpp
         JCRendernoItemGlow.cpp
         JCMeshItemGlow.cpp
         ItemTooltip.cpp
         InfoLog.cpp
         EncryptBMD.cpp
         CustomWIngEffect.cpp
         CustomPetEffect.cpp
         CustomMonsterGlow.cpp
         CustomEffectDynamic.cpp
         cCPetRenderMesh.cpp
         CCRC32.Cpp
         Generating Code...
       ResourceCompile:
         c:\Program Files (x86)\Microsoft SDKs\Windows\v7.0A\bin\rc.exe /l"0x0409" /nologo /fo"Debug\EncryptBMD.res" EncryptBMD.rc 
       ManifestResourceCompile:
         c:\Program Files (x86)\Microsoft SDKs\Windows\v7.0A\bin\rc.exe /nologo /fo"Debug\EncryptBMD.exe.embed.manifest.res" Debug\EncryptBMD_manifest.rc 
       Link:
         c:\Program Files (x86)\Microsoft Visual Studio 10.0\VC\bin\link.exe /ERRORREPORT:PROMPT /OUT:"..\..\..\3.Tools\MAIN_INFO\EncryptTools\EncryptBMD.exe" /INCREMENTAL /NOLOGO kernel32.lib user32.lib gdi32.lib winspool.lib comdlg32.lib advapi32.lib shell32.lib ole32.lib oleaut32.lib uuid.lib odbc32.lib odbccp32.lib /MANIFEST /ManifestFile:"Debug\EncryptBMD.exe.intermediate.manifest" /MANIFESTUAC:"level='asInvoker' uiAccess='false'" /DEBUG /PDB:"D:\MU Online\1. Takumi12 Update 15\3.Tools\MAIN_INFO\EncryptTools\EncryptBMD.pdb" /SUBSYSTEM:CONSOLE /TLBID:1 /DYNAMICBASE /NXCOMPAT /IMPLIB:"..\..\..\3.Tools\MAIN_INFO\EncryptTools\EncryptBMD.lib" /MACHINE:X86 Debug\EncryptBMD.res
         Debug\EncryptBMD.exe.embed.manifest.res
         Debug\CCRC32.obj
         Debug\cCPetRenderMesh.obj
         Debug\CustomEffectDynamic.obj
         Debug\CustomMonsterGlow.obj
         Debug\CustomPetEffect.obj
         Debug\CustomWIngEffect.obj
         Debug\EncryptBMD.obj
         Debug\InfoLog.obj
         Debug\ItemTooltip.obj
         Debug\JCMeshItemGlow.obj
         Debug\JCRendernoItemGlow.obj
         Debug\MemScript.obj
         Debug\MonsterEffect.obj
         Debug\MultiSelect.obj
         Debug\stdafx.obj
         Debug\tooltipbuff.obj
       Manifest:
         c:\Program Files (x86)\Microsoft SDKs\Windows\v7.0A\bin\mt.exe /nologo /verbose /out:"Debug\EncryptBMD.exe.embed.manifest" /manifest Debug\EncryptBMD.exe.intermediate.manifest
         c:\Program Files (x86)\Microsoft SDKs\Windows\v7.0A\bin\rc.exe /nologo /fo"Debug\EncryptBMD.exe.embed.manifest.res" Debug\EncryptBMD_manifest.rc 
       LinkEmbedManifest:
         c:\Program Files (x86)\Microsoft Visual Studio 10.0\VC\bin\link.exe /ERRORREPORT:PROMPT /OUT:"..\..\..\3.Tools\MAIN_INFO\EncryptTools\EncryptBMD.exe" /INCREMENTAL /NOLOGO kernel32.lib user32.lib gdi32.lib winspool.lib comdlg32.lib advapi32.lib shell32.lib ole32.lib oleaut32.lib uuid.lib odbc32.lib odbccp32.lib /MANIFEST /ManifestFile:"Debug\EncryptBMD.exe.intermediate.manifest" /MANIFESTUAC:"level='asInvoker' uiAccess='false'" /DEBUG /PDB:"D:\MU Online\1. Takumi12 Update 15\3.Tools\MAIN_INFO\EncryptTools\EncryptBMD.pdb" /SUBSYSTEM:CONSOLE /TLBID:1 /DYNAMICBASE /NXCOMPAT /IMPLIB:"..\..\..\3.Tools\MAIN_INFO\EncryptTools\EncryptBMD.lib" /MACHINE:X86 Debug\EncryptBMD.res
         Debug\EncryptBMD.exe.embed.manifest.res
         Debug\CCRC32.obj
         Debug\cCPetRenderMesh.obj
         Debug\CustomEffectDynamic.obj
         Debug\CustomMonsterGlow.obj
         Debug\CustomPetEffect.obj
         Debug\CustomWIngEffect.obj
         Debug\EncryptBMD.obj
         Debug\InfoLog.obj
         Debug\ItemTooltip.obj
         Debug\JCMeshItemGlow.obj
         Debug\JCRendernoItemGlow.obj
         Debug\MemScript.obj
         Debug\MonsterEffect.obj
         Debug\MultiSelect.obj
         Debug\stdafx.obj
         Debug\tooltipbuff.obj
         EncryptBMD.vcxproj -> D:\MU Online\1. Takumi12 Update 15\2. Source\EncryptBMD_UP15\EncryptBMD\..\..\..\3.Tools\MAIN_INFO\EncryptTools\EncryptBMD.exe
       FinalizeBuildStatus:
         Deleting file "Debug\EncryptBMD.unsuccessfulbuild".
         Touching "Debug\EncryptBMD.lastbuildstate".
     1>Done Building Project "D:\MU Online\1. Takumi12 Update 15\2. Source\EncryptBMD_UP15\EncryptBMD\EncryptBMD.vcxproj" (build target(s)).

Build succeeded.

Time Elapsed 00:00:02.95
