Build started 08/04/2024 12:00:19 CH.
     1>Project "D:\FULL SERVER MUONLINE\SERVER MU CUSTOM MOI NHAT\Source\Main_EX603_UP15\Main\Main.vcxproj" on node 2 (Build target(s)).
     1>C:\Program Files (x86)\MSBuild\Microsoft.Cpp\v4.0\Microsoft.CppBuild.targets(299,5): warning MSB8004: Output Directory does not end with a trailing slash.  This build instance will add the slash as it is required to allow proper evaluation of the Output Directory.
     1>Link:
         C:\Program Files (x86)\Microsoft Visual Studio 10.0\VC\bin\link.exe /ERRORREPORT:PROMPT /OUT:"..\..\..\ClientS6 BaseS18\Main.dll" /INCREMENTAL:NO /NOLOGO kernel32.lib user32.lib gdi32.lib winspool.lib comdlg32.lib advapi32.lib shell32.lib ole32.lib oleaut32.lib uuid.lib odbc32.lib odbccp32.lib /MANIFEST /ManifestFile:"Release\Main.dll.intermediate.manifest" /MANIFESTUAC:"level='asInvoker' uiAccess='false'" /DEBUG /PDB:"D:\FULL SERVER MUONLINE\SERVER MU CUSTOM MOI NHAT\ClientS6 BaseS18\Main.pdb" /SUBSYSTEM:WINDOWS /OPT:REF /OPT:ICF /LTCG /TLBID:1 /DYNAMICBASE /NXCOMPAT /IMPLIB:"..\..\..\ClientS6 BaseS18\Main.lib" /MACHINE:X86 /DLL Release\Main.res
         Release\CCRC32.obj
         Release\ActiveInvasions.obj
         Release\AntiCrack.obj
         Release\Antilag.obj
         Release\AutoLoginWin.obj
         Release\BAntihack.obj
         Release\BuffIcon.obj
         Release\Camera.obj
         Release\cape.obj
         Release\CBNewUiEx.obj
         Release\CBUtil.obj
         Release\CChatClassic.obj
         Release\CChatEx.obj
         Release\cCPetRenderMesh.obj
         Release\Central.obj
         Release\Character.obj
         Release\CharacterMachine.obj
         Release\ChatExpanded.obj
         Release\CMacroUIEx.obj
         Release\CNewNotice.obj
         Release\CNewUIScene.obj
         Release\CNewUIWindowsClient.obj
         Release\Common.obj
         Release\Config.obj
         Release\Controller.obj
         Release\CSCharacterS13.obj
         Release\CustomBow.obj
         Release\CustomBuyVip.obj
         Release\CustomCloak.obj
         Release\CustomCommandInfo.obj
         Release\CustomEffectRemake.obj
         Release\CustomEventTime.obj
         Release\CustomFog.obj
         Release\CustomFont.obj
         Release\CustomGloves.obj
         Release\CustomNameColor.obj
         Release\CustomNPC.obj
         Release\CustomOfflineMode.obj
         Release\CustomPetEffect.obj
         Release\CustomPhysicsBody.obj
         Release\CustomServerInfo.obj
         Release\DanhHieu.obj
         Release\Defines2.obj
         Release\EmojiSystem.obj
         Release\Extras.obj
         Release\FixSkillBeastUppercut.obj
         Release\FixSkillDarkSide.obj
         Release\Font.obj
         Release\GetBarPlayer.obj
         Release\GLFont.obj
         Release\Glow.obj
         Release\Graphics.obj
         Release\GuildLogo.obj
         Release\GuildUpgrade.obj
         Release\HuyHieuCuongHoa.obj
         Release\HWID.obj
         Release\IncreaseEffects.obj
         Release\InfoLog.obj
         Release\CustomItem.obj
         Release\Inter3.obj
         Release\InterfaceBase.obj
         Release\InterfaceElemental.obj
         Release\ItemGlow.obj
         Release\ItemManager.obj
         Release\ItemTooltip.obj
         Release\ItemTRSData.obj
         Release\CustomItemPrice.obj
         Release\CustomJewel.obj
         Release\CustomMap.obj
         Release\CustomMessage.obj
         Release\CustomMonster.obj
         Release\CustomMonsterGlow.obj
         Release\CustomNpcName.obj
         Release\CustomPet.obj
         Release\CustomRanking.obj
         Release\CustomRankUser.obj
         Release\CustomWing.obj
         Release\DynamicEffect.obj
         Release\Fix.obj
         Release\HackCheck.obj
         Release\HealthBar.obj
         Release\InterEx.obj
         Release\Interface.obj
         Release\Item.obj
         Release\ItemInfoEx.obj
         Release\ItemRemake.obj
         Release\ItemShopValue.obj
         Release\ItemSmoke.obj
         Release\JCButton.obj
         Release\JCOptionBox.obj
         Release\JCRendernoItemGlow.obj
         Release\LargeRand.obj
         Release\LoginMainWin.obj
         Release\Main.obj
         Release\MasterSkillPoint.obj
         Release\MemScript.obj
         Release\MessageBox.obj
         Release\MiniMap.obj
         Release\MiniMapInfo.obj
         Release\ModelEffect.obj
         Release\MonsterEffect.obj
         Release\MonsterGlow.obj
         Release\MuHelper.obj
         Release\MultiSelect.obj
         Release\NewInterface.obj
         Release\NewUIMainFrame.obj
         Release\NewUIMyInventory.obj
         Release\NewUISystem.obj
         Release\NPCRuud.obj
         Release\OffTrade.obj
         Release\PacketManager.obj
         Release\PartyBar.obj
         Release\PartyBuffs.obj
         Release\PartySearch.obj
         Release\PartySearchSettings.obj
         Release\Pet.obj
         Release\PetHook.obj
         Release\PetMontura.obj
         Release\PetProtocol.obj
         Release\PetTooltip.obj
         Release\postInterface.obj
         Release\post_item.obj
         Release\PrintPlayer.obj
         Release\Protect.obj
         Release\Protocol.obj
         Release\QuanHam.obj
         Release\QuickCommandWindow.obj
         Release\Reconnect.obj
         Release\RegisterForm.obj
         Release\ResetSystem.obj
         Release\Resolution.obj
         Release\Rotate360Character.obj
         Release\RoyalBattleGround.obj
         Release\Ruud.obj
         Release\SauCustomHarmony.obj
         Release\ScriptItem.obj
         Release\SelectChar.obj
         Release\SetEffect.obj
         Release\SItemOption.obj
         Release\MasterSkill.obj
         Release\Skillbar.obj
         Release\SkillMove.obj
         Release\SlideHelp.obj
         Release\StaticEffect.obj
         Release\StatsAdvance.obj
         Release\stdafx.obj
         Release\ThongTinDonate.obj
         Release\ThueFlag.obj
         Release\TMemory.obj
         Release\ToolKit.obj
         Release\TrayModeNew.obj
         Release\TuLuyen.obj
         Release\UIControl.obj
         Release\UIController.obj
         Release\UITextInputBox.obj
         Release\User.obj
         Release\Util.obj
         Release\VirtualMachine.obj
         Release\WeatherEffect.obj
         Release\WindowsStruct.obj
         Release\WingInvisible.obj
         Release\WSclient.obj
         Release\Wsclientline.obj
         Release\zzzmathlib.obj
            Creating library ..\..\..\ClientS6 BaseS18\Main.lib and object ..\..\..\ClientS6 BaseS18\Main.exp
         Generating code
         Finished generating code
     1>wzMUQuiz.lib(Client.obj) : warning LNK4099: PDB 'vc100.pdb' was not found with 'wzMUQuiz.lib(Client.obj)' or at 'D:\FULL SERVER MUONLINE\SERVER MU CUSTOM MOI NHAT\ClientS6 BaseS18\vc100.pdb'; linking object as if no debug info
     1>wzMUQuiz.lib(stdafx.obj) : warning LNK4099: PDB 'vc100.pdb' was not found with 'wzMUQuiz.lib(stdafx.obj)' or at 'D:\FULL SERVER MUONLINE\SERVER MU CUSTOM MOI NHAT\ClientS6 BaseS18\vc100.pdb'; linking object as if no debug info
     1>wzMUQuiz.lib(UIControl.obj) : warning LNK4099: PDB 'vc100.pdb' was not found with 'wzMUQuiz.lib(UIControl.obj)' or at 'D:\FULL SERVER MUONLINE\SERVER MU CUSTOM MOI NHAT\ClientS6 BaseS18\vc100.pdb'; linking object as if no debug info
     1>MUEmoji.lib(MUEmoji.obj) : warning LNK4099: PDB 'vc100.pdb' was not found with 'MUEmoji.lib(MUEmoji.obj)' or at 'D:\FULL SERVER MUONLINE\SERVER MU CUSTOM MOI NHAT\ClientS6 BaseS18\vc100.pdb'; linking object as if no debug info
     1>MUEmoji.lib(stdafx.obj) : warning LNK4099: PDB 'vc100.pdb' was not found with 'MUEmoji.lib(stdafx.obj)' or at 'D:\FULL SERVER MUONLINE\SERVER MU CUSTOM MOI NHAT\ClientS6 BaseS18\vc100.pdb'; linking object as if no debug info
     1>MUEmoji.lib(Util.obj) : warning LNK4099: PDB 'vc100.pdb' was not found with 'MUEmoji.lib(Util.obj)' or at 'D:\FULL SERVER MUONLINE\SERVER MU CUSTOM MOI NHAT\ClientS6 BaseS18\vc100.pdb'; linking object as if no debug info
     1>detours.lib(detours.obj) : warning LNK4099: PDB 'detours.pdb' was not found with 'detours.lib(detours.obj)' or at 'D:\FULL SERVER MUONLINE\SERVER MU CUSTOM MOI NHAT\ClientS6 BaseS18\detours.pdb'; linking object as if no debug info
     1>detours.lib(disasm.obj) : warning LNK4099: PDB 'detours.pdb' was not found with 'detours.lib(disasm.obj)' or at 'D:\FULL SERVER MUONLINE\SERVER MU CUSTOM MOI NHAT\ClientS6 BaseS18\detours.pdb'; linking object as if no debug info
         Main.vcxproj -> D:\FULL SERVER MUONLINE\SERVER MU CUSTOM MOI NHAT\Source\Main_EX603_UP15\Main\..\..\..\ClientS6 BaseS18\Main.dll
       Manifest:
         C:\Program Files (x86)\Microsoft SDKs\Windows\v7.0A\bin\mt.exe /nologo /verbose /outputresource:"..\..\..\ClientS6 BaseS18\Main.dll;#2" /manifest Release\Main.dll.intermediate.manifest
     1>Done Building Project "D:\FULL SERVER MUONLINE\SERVER MU CUSTOM MOI NHAT\Source\Main_EX603_UP15\Main\Main.vcxproj" (Build target(s)).

Build succeeded.

Time Elapsed 00:00:08.10
