d:\full server muonline\server mu custom moi nhat\source\main_ex603_up15\main\release\main.pch
d:\full server muonline\server mu custom moi nhat\source\main_ex603_up15\main\release\stdafx.obj
d:\full server muonline\server mu custom moi nhat\source\main_ex603_up15\main\release\vc100.pdb
d:\full server muonline\server mu custom moi nhat\source\main_ex603_up15\main\release\cnewnotice.obj
d:\full server muonline\server mu custom moi nhat\source\main_ex603_up15\main\release\cmacrouiex.obj
d:\full server muonline\server mu custom moi nhat\source\main_ex603_up15\main\release\chatexpanded.obj
d:\full server muonline\server mu custom moi nhat\source\main_ex603_up15\main\release\charactermachine.obj
d:\full server muonline\server mu custom moi nhat\source\main_ex603_up15\main\release\character.obj
d:\full server muonline\server mu custom moi nhat\source\main_ex603_up15\main\release\central.obj
d:\full server muonline\server mu custom moi nhat\source\main_ex603_up15\main\release\ccpetrendermesh.obj
d:\full server muonline\server mu custom moi nhat\source\main_ex603_up15\main\release\cchatex.obj
d:\full server muonline\server mu custom moi nhat\source\main_ex603_up15\main\release\cchatclassic.obj
d:\full server muonline\server mu custom moi nhat\source\main_ex603_up15\main\release\cbutil.obj
d:\full server muonline\server mu custom moi nhat\source\main_ex603_up15\main\release\cbnewuiex.obj
d:\full server muonline\server mu custom moi nhat\source\main_ex603_up15\main\release\cape.obj
d:\full server muonline\server mu custom moi nhat\source\main_ex603_up15\main\release\camera.obj
d:\full server muonline\server mu custom moi nhat\source\main_ex603_up15\main\release\bufficon.obj
d:\full server muonline\server mu custom moi nhat\source\main_ex603_up15\main\release\bantihack.obj
d:\full server muonline\server mu custom moi nhat\source\main_ex603_up15\main\release\autologinwin.obj
d:\full server muonline\server mu custom moi nhat\source\main_ex603_up15\main\release\antilag.obj
d:\full server muonline\server mu custom moi nhat\source\main_ex603_up15\main\release\anticrack.obj
d:\full server muonline\server mu custom moi nhat\source\main_ex603_up15\main\release\activeinvasions.obj
d:\full server muonline\server mu custom moi nhat\source\main_ex603_up15\main\release\ccrc32.obj
d:\full server muonline\server mu custom moi nhat\source\main_ex603_up15\main\release\customphysicsbody.obj
d:\full server muonline\server mu custom moi nhat\source\main_ex603_up15\main\release\custompeteffect.obj
d:\full server muonline\server mu custom moi nhat\source\main_ex603_up15\main\release\customofflinemode.obj
d:\full server muonline\server mu custom moi nhat\source\main_ex603_up15\main\release\customnpc.obj
d:\full server muonline\server mu custom moi nhat\source\main_ex603_up15\main\release\customnamecolor.obj
d:\full server muonline\server mu custom moi nhat\source\main_ex603_up15\main\release\customgloves.obj
d:\full server muonline\server mu custom moi nhat\source\main_ex603_up15\main\release\customfont.obj
d:\full server muonline\server mu custom moi nhat\source\main_ex603_up15\main\release\customfog.obj
d:\full server muonline\server mu custom moi nhat\source\main_ex603_up15\main\release\customeventtime.obj
d:\full server muonline\server mu custom moi nhat\source\main_ex603_up15\main\release\customeffectremake.obj
d:\full server muonline\server mu custom moi nhat\source\main_ex603_up15\main\release\customcommandinfo.obj
d:\full server muonline\server mu custom moi nhat\source\main_ex603_up15\main\release\customcloak.obj
d:\full server muonline\server mu custom moi nhat\source\main_ex603_up15\main\release\custombuyvip.obj
d:\full server muonline\server mu custom moi nhat\source\main_ex603_up15\main\release\custombow.obj
d:\full server muonline\server mu custom moi nhat\source\main_ex603_up15\main\release\cscharacters13.obj
d:\full server muonline\server mu custom moi nhat\source\main_ex603_up15\main\release\controller.obj
d:\full server muonline\server mu custom moi nhat\source\main_ex603_up15\main\release\config.obj
d:\full server muonline\server mu custom moi nhat\source\main_ex603_up15\main\release\common.obj
d:\full server muonline\server mu custom moi nhat\source\main_ex603_up15\main\release\cnewuiwindowsclient.obj
d:\full server muonline\server mu custom moi nhat\source\main_ex603_up15\main\release\cnewuiscene.obj
d:\full server muonline\server mu custom moi nhat\source\main_ex603_up15\main\release\inter3.obj
d:\full server muonline\server mu custom moi nhat\source\main_ex603_up15\main\release\customitem.obj
d:\full server muonline\server mu custom moi nhat\source\main_ex603_up15\main\release\infolog.obj
d:\full server muonline\server mu custom moi nhat\source\main_ex603_up15\main\release\increaseeffects.obj
d:\full server muonline\server mu custom moi nhat\source\main_ex603_up15\main\release\hwid.obj
d:\full server muonline\server mu custom moi nhat\source\main_ex603_up15\main\release\huyhieucuonghoa.obj
d:\full server muonline\server mu custom moi nhat\source\main_ex603_up15\main\release\guildupgrade.obj
d:\full server muonline\server mu custom moi nhat\source\main_ex603_up15\main\release\guildlogo.obj
d:\full server muonline\server mu custom moi nhat\source\main_ex603_up15\main\release\graphics.obj
d:\full server muonline\server mu custom moi nhat\source\main_ex603_up15\main\release\glow.obj
d:\full server muonline\server mu custom moi nhat\source\main_ex603_up15\main\release\glfont.obj
d:\full server muonline\server mu custom moi nhat\source\main_ex603_up15\main\release\getbarplayer.obj
d:\full server muonline\server mu custom moi nhat\source\main_ex603_up15\main\release\font.obj
d:\full server muonline\server mu custom moi nhat\source\main_ex603_up15\main\release\fixskilldarkside.obj
d:\full server muonline\server mu custom moi nhat\source\main_ex603_up15\main\release\fixskillbeastuppercut.obj
d:\full server muonline\server mu custom moi nhat\source\main_ex603_up15\main\release\extras.obj
d:\full server muonline\server mu custom moi nhat\source\main_ex603_up15\main\release\emojisystem.obj
d:\full server muonline\server mu custom moi nhat\source\main_ex603_up15\main\release\defines2.obj
d:\full server muonline\server mu custom moi nhat\source\main_ex603_up15\main\release\danhhieu.obj
d:\full server muonline\server mu custom moi nhat\source\main_ex603_up15\main\release\customserverinfo.obj
d:\full server muonline\server mu custom moi nhat\source\main_ex603_up15\main\release\hackcheck.obj
d:\full server muonline\server mu custom moi nhat\source\main_ex603_up15\main\release\fix.obj
d:\full server muonline\server mu custom moi nhat\source\main_ex603_up15\main\release\dynamiceffect.obj
d:\full server muonline\server mu custom moi nhat\source\main_ex603_up15\main\release\customwing.obj
d:\full server muonline\server mu custom moi nhat\source\main_ex603_up15\main\release\customrankuser.obj
d:\full server muonline\server mu custom moi nhat\source\main_ex603_up15\main\release\customranking.obj
d:\full server muonline\server mu custom moi nhat\source\main_ex603_up15\main\release\custompet.obj
d:\full server muonline\server mu custom moi nhat\source\main_ex603_up15\main\release\customnpcname.obj
d:\full server muonline\server mu custom moi nhat\source\main_ex603_up15\main\release\custommonsterglow.obj
d:\full server muonline\server mu custom moi nhat\source\main_ex603_up15\main\release\custommonster.obj
d:\full server muonline\server mu custom moi nhat\source\main_ex603_up15\main\release\custommessage.obj
d:\full server muonline\server mu custom moi nhat\source\main_ex603_up15\main\release\custommap.obj
d:\full server muonline\server mu custom moi nhat\source\main_ex603_up15\main\release\customjewel.obj
d:\full server muonline\server mu custom moi nhat\source\main_ex603_up15\main\release\customitemprice.obj
d:\full server muonline\server mu custom moi nhat\source\main_ex603_up15\main\release\itemtrsdata.obj
d:\full server muonline\server mu custom moi nhat\source\main_ex603_up15\main\release\itemtooltip.obj
d:\full server muonline\server mu custom moi nhat\source\main_ex603_up15\main\release\itemmanager.obj
d:\full server muonline\server mu custom moi nhat\source\main_ex603_up15\main\release\itemglow.obj
d:\full server muonline\server mu custom moi nhat\source\main_ex603_up15\main\release\interfaceelemental.obj
d:\full server muonline\server mu custom moi nhat\source\main_ex603_up15\main\release\interfacebase.obj
d:\full server muonline\server mu custom moi nhat\source\main_ex603_up15\main\release\modeleffect.obj
d:\full server muonline\server mu custom moi nhat\source\main_ex603_up15\main\release\minimapinfo.obj
d:\full server muonline\server mu custom moi nhat\source\main_ex603_up15\main\release\minimap.obj
d:\full server muonline\server mu custom moi nhat\source\main_ex603_up15\main\release\messagebox.obj
d:\full server muonline\server mu custom moi nhat\source\main_ex603_up15\main\release\memscript.obj
d:\full server muonline\server mu custom moi nhat\source\main_ex603_up15\main\release\masterskillpoint.obj
d:\full server muonline\server mu custom moi nhat\source\main_ex603_up15\main\release\main.obj
d:\full server muonline\server mu custom moi nhat\source\main_ex603_up15\main\release\loginmainwin.obj
d:\full server muonline\server mu custom moi nhat\source\main_ex603_up15\main\release\largerand.obj
d:\full server muonline\server mu custom moi nhat\source\main_ex603_up15\main\release\jcrendernoitemglow.obj
d:\full server muonline\server mu custom moi nhat\source\main_ex603_up15\main\release\jcoptionbox.obj
d:\full server muonline\server mu custom moi nhat\source\main_ex603_up15\main\release\jcbutton.obj
d:\full server muonline\server mu custom moi nhat\source\main_ex603_up15\main\release\itemsmoke.obj
d:\full server muonline\server mu custom moi nhat\source\main_ex603_up15\main\release\itemshopvalue.obj
d:\full server muonline\server mu custom moi nhat\source\main_ex603_up15\main\release\itemremake.obj
d:\full server muonline\server mu custom moi nhat\source\main_ex603_up15\main\release\iteminfoex.obj
d:\full server muonline\server mu custom moi nhat\source\main_ex603_up15\main\release\item.obj
d:\full server muonline\server mu custom moi nhat\source\main_ex603_up15\main\release\interface.obj
d:\full server muonline\server mu custom moi nhat\source\main_ex603_up15\main\release\interex.obj
d:\full server muonline\server mu custom moi nhat\source\main_ex603_up15\main\release\healthbar.obj
d:\full server muonline\server mu custom moi nhat\source\main_ex603_up15\main\release\pettooltip.obj
d:\full server muonline\server mu custom moi nhat\source\main_ex603_up15\main\release\petprotocol.obj
d:\full server muonline\server mu custom moi nhat\source\main_ex603_up15\main\release\petmontura.obj
d:\full server muonline\server mu custom moi nhat\source\main_ex603_up15\main\release\pethook.obj
d:\full server muonline\server mu custom moi nhat\source\main_ex603_up15\main\release\pet.obj
d:\full server muonline\server mu custom moi nhat\source\main_ex603_up15\main\release\partysearchsettings.obj
d:\full server muonline\server mu custom moi nhat\source\main_ex603_up15\main\release\partysearch.obj
d:\full server muonline\server mu custom moi nhat\source\main_ex603_up15\main\release\partybuffs.obj
d:\full server muonline\server mu custom moi nhat\source\main_ex603_up15\main\release\partybar.obj
d:\full server muonline\server mu custom moi nhat\source\main_ex603_up15\main\release\packetmanager.obj
d:\full server muonline\server mu custom moi nhat\source\main_ex603_up15\main\release\offtrade.obj
d:\full server muonline\server mu custom moi nhat\source\main_ex603_up15\main\release\npcruud.obj
d:\full server muonline\server mu custom moi nhat\source\main_ex603_up15\main\release\newuisystem.obj
d:\full server muonline\server mu custom moi nhat\source\main_ex603_up15\main\release\newuimyinventory.obj
d:\full server muonline\server mu custom moi nhat\source\main_ex603_up15\main\release\newuimainframe.obj
d:\full server muonline\server mu custom moi nhat\source\main_ex603_up15\main\release\newinterface.obj
d:\full server muonline\server mu custom moi nhat\source\main_ex603_up15\main\release\multiselect.obj
d:\full server muonline\server mu custom moi nhat\source\main_ex603_up15\main\release\muhelper.obj
d:\full server muonline\server mu custom moi nhat\source\main_ex603_up15\main\release\monsterglow.obj
d:\full server muonline\server mu custom moi nhat\source\main_ex603_up15\main\release\monstereffect.obj
d:\full server muonline\server mu custom moi nhat\source\main_ex603_up15\main\release\masterskill.obj
d:\full server muonline\server mu custom moi nhat\source\main_ex603_up15\main\release\sitemoption.obj
d:\full server muonline\server mu custom moi nhat\source\main_ex603_up15\main\release\seteffect.obj
d:\full server muonline\server mu custom moi nhat\source\main_ex603_up15\main\release\selectchar.obj
d:\full server muonline\server mu custom moi nhat\source\main_ex603_up15\main\release\scriptitem.obj
d:\full server muonline\server mu custom moi nhat\source\main_ex603_up15\main\release\saucustomharmony.obj
d:\full server muonline\server mu custom moi nhat\source\main_ex603_up15\main\release\ruud.obj
d:\full server muonline\server mu custom moi nhat\source\main_ex603_up15\main\release\royalbattleground.obj
d:\full server muonline\server mu custom moi nhat\source\main_ex603_up15\main\release\rotate360character.obj
d:\full server muonline\server mu custom moi nhat\source\main_ex603_up15\main\release\resolution.obj
d:\full server muonline\server mu custom moi nhat\source\main_ex603_up15\main\release\resetsystem.obj
d:\full server muonline\server mu custom moi nhat\source\main_ex603_up15\main\release\registerform.obj
d:\full server muonline\server mu custom moi nhat\source\main_ex603_up15\main\release\reconnect.obj
d:\full server muonline\server mu custom moi nhat\source\main_ex603_up15\main\release\quickcommandwindow.obj
d:\full server muonline\server mu custom moi nhat\source\main_ex603_up15\main\release\quanham.obj
d:\full server muonline\server mu custom moi nhat\source\main_ex603_up15\main\release\protocol.obj
d:\full server muonline\server mu custom moi nhat\source\main_ex603_up15\main\release\protect.obj
d:\full server muonline\server mu custom moi nhat\source\main_ex603_up15\main\release\printplayer.obj
d:\full server muonline\server mu custom moi nhat\source\main_ex603_up15\main\release\post_item.obj
d:\full server muonline\server mu custom moi nhat\source\main_ex603_up15\main\release\postinterface.obj
d:\full server muonline\server mu custom moi nhat\source\main_ex603_up15\main\release\winginvisible.obj
d:\full server muonline\server mu custom moi nhat\source\main_ex603_up15\main\release\windowsstruct.obj
d:\full server muonline\server mu custom moi nhat\source\main_ex603_up15\main\release\weathereffect.obj
d:\full server muonline\server mu custom moi nhat\source\main_ex603_up15\main\release\virtualmachine.obj
d:\full server muonline\server mu custom moi nhat\source\main_ex603_up15\main\release\util.obj
d:\full server muonline\server mu custom moi nhat\source\main_ex603_up15\main\release\user.obj
d:\full server muonline\server mu custom moi nhat\source\main_ex603_up15\main\release\uitextinputbox.obj
d:\full server muonline\server mu custom moi nhat\source\main_ex603_up15\main\release\uicontroller.obj
d:\full server muonline\server mu custom moi nhat\source\main_ex603_up15\main\release\uicontrol.obj
d:\full server muonline\server mu custom moi nhat\source\main_ex603_up15\main\release\tuluyen.obj
d:\full server muonline\server mu custom moi nhat\source\main_ex603_up15\main\release\traymodenew.obj
d:\full server muonline\server mu custom moi nhat\source\main_ex603_up15\main\release\toolkit.obj
d:\full server muonline\server mu custom moi nhat\source\main_ex603_up15\main\release\tmemory.obj
d:\full server muonline\server mu custom moi nhat\source\main_ex603_up15\main\release\thueflag.obj
d:\full server muonline\server mu custom moi nhat\source\main_ex603_up15\main\release\thongtindonate.obj
d:\full server muonline\server mu custom moi nhat\source\main_ex603_up15\main\release\statsadvance.obj
d:\full server muonline\server mu custom moi nhat\source\main_ex603_up15\main\release\staticeffect.obj
d:\full server muonline\server mu custom moi nhat\source\main_ex603_up15\main\release\slidehelp.obj
d:\full server muonline\server mu custom moi nhat\source\main_ex603_up15\main\release\skillmove.obj
d:\full server muonline\server mu custom moi nhat\source\main_ex603_up15\main\release\skillbar.obj
d:\full server muonline\server mu custom moi nhat\source\main_ex603_up15\main\release\zzzmathlib.obj
d:\full server muonline\server mu custom moi nhat\source\main_ex603_up15\main\release\wsclientline.obj
d:\full server muonline\server mu custom moi nhat\source\main_ex603_up15\main\release\wsclient.obj
d:\full server muonline\server mu custom moi nhat\clients6 bases18\main.dll
d:\full server muonline\server mu custom moi nhat\source\main_ex603_up15\main\release\main.dll.intermediate.manifest
d:\full server muonline\server mu custom moi nhat\clients6 bases18\main.pdb
d:\full server muonline\server mu custom moi nhat\clients6 bases18\main.lib
d:\full server muonline\server mu custom moi nhat\clients6 bases18\main.exp
d:\full server muonline\server mu custom moi nhat\source\main_ex603_up15\main\release\main.res
d:\full server muonline\server mu custom moi nhat\source\main_ex603_up15\main\release\main.vcxprojresolveassemblyreference.cache
d:\full server muonline\server mu custom moi nhat\source\main_ex603_up15\main\release\cl.command.1.tlog
d:\full server muonline\server mu custom moi nhat\source\main_ex603_up15\main\release\cl.read.1.tlog
d:\full server muonline\server mu custom moi nhat\source\main_ex603_up15\main\release\cl.write.1.tlog
d:\full server muonline\server mu custom moi nhat\source\main_ex603_up15\main\release\link-cvtres.read.1.tlog
d:\full server muonline\server mu custom moi nhat\source\main_ex603_up15\main\release\link-cvtres.write.1.tlog
d:\full server muonline\server mu custom moi nhat\source\main_ex603_up15\main\release\link.command.1.tlog
d:\full server muonline\server mu custom moi nhat\source\main_ex603_up15\main\release\link.read.1.tlog
d:\full server muonline\server mu custom moi nhat\source\main_ex603_up15\main\release\link.write.1.tlog
d:\full server muonline\server mu custom moi nhat\source\main_ex603_up15\main\release\main.write.1.tlog
d:\full server muonline\server mu custom moi nhat\source\main_ex603_up15\main\release\mt.command.1.tlog
d:\full server muonline\server mu custom moi nhat\source\main_ex603_up15\main\release\mt.read.1.tlog
d:\full server muonline\server mu custom moi nhat\source\main_ex603_up15\main\release\mt.write.1.tlog
d:\full server muonline\server mu custom moi nhat\source\main_ex603_up15\main\release\rc.command.1.tlog
d:\full server muonline\server mu custom moi nhat\source\main_ex603_up15\main\release\rc.read.1.tlog
d:\full server muonline\server mu custom moi nhat\source\main_ex603_up15\main\release\rc.write.1.tlog
d:\full server muonline\server mu custom moi nhat\source\main_ex603_up15\main\..\..\..\clients6 bases18\main.dll
