d:\new folder (3)\source\joinserver_up15\joinserver\release\joinserver_ex603\joinserver.pch
d:\new folder (3)\source\joinserver_up15\joinserver\release\joinserver_ex603\stdafx.obj
d:\new folder (3)\source\joinserver_up15\joinserver\release\joinserver_ex603\vc100.pdb
d:\new folder (3)\source\joinserver_up15\joinserver\release\joinserver_ex603\util.obj
d:\new folder (3)\source\joinserver_up15\joinserver\release\joinserver_ex603\socketmanagerudp.obj
d:\new folder (3)\source\joinserver_up15\joinserver\release\joinserver_ex603\socketmanager.obj
d:\new folder (3)\source\joinserver_up15\joinserver\release\joinserver_ex603\servermanager.obj
d:\new folder (3)\source\joinserver_up15\joinserver\release\joinserver_ex603\serverdisplayer.obj
d:\new folder (3)\source\joinserver_up15\joinserver\release\joinserver_ex603\queue.obj
d:\new folder (3)\source\joinserver_up15\joinserver\release\joinserver_ex603\querymanager.obj
d:\new folder (3)\source\joinserver_up15\joinserver\release\joinserver_ex603\protect.obj
d:\new folder (3)\source\joinserver_up15\joinserver\release\joinserver_ex603\minidump.obj
d:\new folder (3)\source\joinserver_up15\joinserver\release\joinserver_ex603\memscript.obj
d:\new folder (3)\source\joinserver_up15\joinserver\release\joinserver_ex603\log.obj
d:\new folder (3)\source\joinserver_up15\joinserver\release\joinserver_ex603\joinserverprotocol.obj
d:\new folder (3)\source\joinserver_up15\joinserver\release\joinserver_ex603\joinserver.obj
d:\new folder (3)\source\joinserver_up15\joinserver\release\joinserver_ex603\criticalsection.obj
d:\new folder (3)\source\joinserver_up15\joinserver\release\joinserver_ex603\allowableiplist.obj
d:\new folder (3)\source\joinserver_up15\joinserver\release\joinserver_ex603\accountmanager.obj
d:\new folder (3)\source\joinserver_up15\joinserver\release\joinserver_ex603\md5.obj
d:\new folder (3)\muserver\3.joinserver\joinserver.exe
d:\new folder (3)\source\joinserver_up15\joinserver\release\joinserver_ex603\joinserver.exe.intermediate.manifest
d:\new folder (3)\muserver\3.joinserver\joinserver.pdb
d:\new folder (3)\source\joinserver_up15\joinserver\release\joinserver_ex603\joinserver.res
d:\new folder (3)\source\joinserver_up15\joinserver\release\joinserver_ex603\cl.command.1.tlog
d:\new folder (3)\source\joinserver_up15\joinserver\release\joinserver_ex603\cl.read.1.tlog
d:\new folder (3)\source\joinserver_up15\joinserver\release\joinserver_ex603\cl.write.1.tlog
d:\new folder (3)\source\joinserver_up15\joinserver\release\joinserver_ex603\link-cvtres.read.1.tlog
d:\new folder (3)\source\joinserver_up15\joinserver\release\joinserver_ex603\link-cvtres.write.1.tlog
d:\new folder (3)\source\joinserver_up15\joinserver\release\joinserver_ex603\link.command.1.tlog
d:\new folder (3)\source\joinserver_up15\joinserver\release\joinserver_ex603\link.read.1.tlog
d:\new folder (3)\source\joinserver_up15\joinserver\release\joinserver_ex603\link.write.1.tlog
d:\new folder (3)\source\joinserver_up15\joinserver\release\joinserver_ex603\mt.command.1.tlog
d:\new folder (3)\source\joinserver_up15\joinserver\release\joinserver_ex603\mt.read.1.tlog
d:\new folder (3)\source\joinserver_up15\joinserver\release\joinserver_ex603\mt.write.1.tlog
d:\new folder (3)\source\joinserver_up15\joinserver\release\joinserver_ex603\rc.command.1.tlog
d:\new folder (3)\source\joinserver_up15\joinserver\release\joinserver_ex603\rc.read.1.tlog
d:\new folder (3)\source\joinserver_up15\joinserver\release\joinserver_ex603\rc.write.1.tlog
d:\new folder (3)\source\joinserver_up15\joinserver\..\..\..\muserver\3.joinserver\joinserver.exe
